#
# There is insufficient memory for the Java Runtime Environment to continue.
# Native memory allocation (mmap) failed to map 38797312 bytes for G1 virtual space
# Possible reasons:
#   The system is out of physical RAM or swap space
#   The process is running with CompressedOops enabled, and the Java Heap may be blocking the growth of the native heap
# Possible solutions:
#   Reduce memory load on the system
#   Increase physical memory or swap space
#   Check if swap backing store is full
#   Decrease Java heap size (-Xmx/-Xms)
#   Decrease number of Java threads
#   Decrease Java thread stack sizes (-Xss)
#   Set larger code cache with -XX:ReservedCodeCacheSize=
#   JVM is running with Unscaled Compressed Oops mode in which the Java heap is
#     placed in the first 4GB address space. The Java Heap base address is the
#     maximum limit for the native heap growth. Please use -XX:HeapBaseMinAddress
#     to set the Java Heap base and to place the Java Heap above 4GB virtual address.
# This output file may be truncated or incomplete.
#
#  Out of Memory Error (os_windows.cpp:3541), pid=9664, tid=4040
#
# JRE version: OpenJDK Runtime Environment Temurin-17.0.4.1+1 (17.0.4.1+1) (build 17.0.4.1+1)
# Java VM: OpenJDK 64-Bit Server VM Temurin-17.0.4.1+1 (17.0.4.1+1, mixed mode, tiered, compressed oops, compressed class ptrs, g1 gc, windows-amd64)
# No core dump will be written. Minidumps are not enabled by default on client versions of Windows
#

---------------  S U M M A R Y ------------

Command Line: -Dfile.encoding=UTF-8 -XX:+ShowCodeDetailsInExceptionMessages com.project.Logistic.LogisticApplication

Host: Intel(R) Core(TM) i5-6300U CPU @ 2.40GHz, 4 cores, 7G,  Windows 11 , 64 bit Build 22000 (10.0.22000.2836)
Time: Wed Sep  4 16:01:17 2024 India Standard Time elapsed time: 9.528792 seconds (0d 0h 0m 9s)

---------------  T H R E A D  ---------------

Current thread (0x000002b9af7a6c80):  VMThread "VM Thread" [stack: 0x000000bec4e00000,0x000000bec4f00000] [id=4040]

Stack: [0x000000bec4e00000,0x000000bec4f00000]
Native frames: (J=compiled Java code, j=interpreted, Vv=VM code, C=native code)
V  [jvm.dll+0x67731a]
V  [jvm.dll+0x832284]
V  [jvm.dll+0x833a2e]
V  [jvm.dll+0x834093]
V  [jvm.dll+0x245775]
V  [jvm.dll+0x674209]
V  [jvm.dll+0x668a92]
V  [jvm.dll+0x30471b]
V  [jvm.dll+0x30bc66]
V  [jvm.dll+0x35ba9e]
V  [jvm.dll+0x35bccf]
V  [jvm.dll+0x2db5b8]
V  [jvm.dll+0x2d986c]
V  [jvm.dll+0x2d8e3c]
V  [jvm.dll+0x31cd9b]
V  [jvm.dll+0x83853b]
V  [jvm.dll+0x839274]
V  [jvm.dll+0x83978c]
V  [jvm.dll+0x839b64]
V  [jvm.dll+0x839c30]
V  [jvm.dll+0x7e240a]
V  [jvm.dll+0x6761a5]
C  [ucrtbase.dll+0x26c0c]
C  [KERNEL32.DLL+0x153e0]
C  [ntdll.dll+0x485b]

VM_Operation (0x000000bec61fb8b0): G1CollectForAllocation, mode: safepoint, requested by thread 0x000002b9b1a431f0


---------------  P R O C E S S  ---------------

Threads class SMR info:
_java_thread_list=0x000002b9b4d81130, length=21, elements={
0x000002b996126110, 0x000002b9af7eda30, 0x000002b9af7eed80, 0x000002b9af83b040,
0x000002b9af83d910, 0x000002b9af83ea60, 0x000002b9b0416cc0, 0x000002b9b041b250,
0x000002b9b0424830, 0x000002b9b04364d0, 0x000002b9b058cf00, 0x000002b9b05a0280,
0x000002b9b0a470f0, 0x000002b9b1a36070, 0x000002b9b1a431f0, 0x000002b9b3e01920,
0x000002b9b3e03130, 0x000002b9b3e02c60, 0x000002b9b3e00f80, 0x000002b9b3e022c0,
0x000002b9b3e01df0
}

Java Threads: ( => current thread )
  0x000002b996126110 JavaThread "main" [_thread_blocked, id=6072, stack(0x000000bec4700000,0x000000bec4800000)]
  0x000002b9af7eda30 JavaThread "Reference Handler" daemon [_thread_blocked, id=9392, stack(0x000000bec4f00000,0x000000bec5000000)]
  0x000002b9af7eed80 JavaThread "Finalizer" daemon [_thread_blocked, id=12152, stack(0x000000bec5000000,0x000000bec5100000)]
  0x000002b9af83b040 JavaThread "Signal Dispatcher" daemon [_thread_blocked, id=1628, stack(0x000000bec5200000,0x000000bec5300000)]
  0x000002b9af83d910 JavaThread "Attach Listener" daemon [_thread_blocked, id=9764, stack(0x000000bec5300000,0x000000bec5400000)]
  0x000002b9af83ea60 JavaThread "Service Thread" daemon [_thread_blocked, id=1872, stack(0x000000bec5400000,0x000000bec5500000)]
  0x000002b9b0416cc0 JavaThread "Monitor Deflation Thread" daemon [_thread_blocked, id=1652, stack(0x000000bec5500000,0x000000bec5600000)]
  0x000002b9b041b250 JavaThread "C2 CompilerThread0" daemon [_thread_blocked, id=3036, stack(0x000000bec5600000,0x000000bec5700000)]
  0x000002b9b0424830 JavaThread "C1 CompilerThread0" daemon [_thread_blocked, id=1524, stack(0x000000bec5700000,0x000000bec5800000)]
  0x000002b9b04364d0 JavaThread "Sweeper thread" daemon [_thread_blocked, id=5940, stack(0x000000bec5800000,0x000000bec5900000)]
  0x000002b9b058cf00 JavaThread "Notification Thread" daemon [_thread_blocked, id=8308, stack(0x000000bec5900000,0x000000bec5a00000)]
  0x000002b9b05a0280 JavaThread "Common-Cleaner" daemon [_thread_blocked, id=10012, stack(0x000000bec5b00000,0x000000bec5c00000)]
  0x000002b9b0a470f0 JavaThread "C2 CompilerThread1" daemon [_thread_in_native, id=5852, stack(0x000000bec5c00000,0x000000bec5d00000)]
  0x000002b9b1a36070 JavaThread "Thread-0" [_thread_blocked, id=8752, stack(0x000000bec6000000,0x000000bec6100000)]
  0x000002b9b1a431f0 JavaThread "restartedMain" [_thread_blocked, id=2956, stack(0x000000bec6100000,0x000000bec6200000)]
  0x000002b9b3e01920 JavaThread "Catalina-utility-1" [_thread_blocked, id=9424, stack(0x000000bec6200000,0x000000bec6300000)]
  0x000002b9b3e03130 JavaThread "Catalina-utility-2" [_thread_blocked, id=13008, stack(0x000000bec6300000,0x000000bec6400000)]
  0x000002b9b3e02c60 JavaThread "container-0" [_thread_blocked, id=5240, stack(0x000000bec6400000,0x000000bec6500000)]
  0x000002b9b3e00f80 JavaThread "PostgreSQL-JDBC-Cleaner" daemon [_thread_blocked, id=14268, stack(0x000000bec6600000,0x000000bec6700000)]
  0x000002b9b3e022c0 JavaThread "HikariPool-1 housekeeper" daemon [_thread_blocked, id=12988, stack(0x000000bec6700000,0x000000bec6800000)]
  0x000002b9b3e01df0 JavaThread "HikariPool-1 connection adder" daemon [_thread_blocked, id=10032, stack(0x000000bec6800000,0x000000bec6900000)]

Other Threads:
=>0x000002b9af7a6c80 VMThread "VM Thread" [stack: 0x000000bec4e00000,0x000000bec4f00000] [id=4040]
  0x000002b9b058b540 WatcherThread [stack: 0x000000bec5a00000,0x000000bec5b00000] [id=9744]
  0x000002b99617efb0 GCTaskThread "GC Thread#0" [stack: 0x000000bec4900000,0x000000bec4a00000] [id=13660]
  0x000002b9b0deaa30 GCTaskThread "GC Thread#1" [stack: 0x000000bec5d00000,0x000000bec5e00000] [id=9924]
  0x000002b9b0deace0 GCTaskThread "GC Thread#2" [stack: 0x000000bec5e00000,0x000000bec5f00000] [id=13256]
  0x000002b9b0ffecf0 GCTaskThread "GC Thread#3" [stack: 0x000000bec5f00000,0x000000bec6000000] [id=1328]
  0x000002b99618fb70 ConcurrentGCThread "G1 Main Marker" [stack: 0x000000bec4a00000,0x000000bec4b00000] [id=4980]
  0x000002b996190d20 ConcurrentGCThread "G1 Conc#0" [stack: 0x000000bec4b00000,0x000000bec4c00000] [id=6712]
  0x000002b9961e7360 ConcurrentGCThread "G1 Refine#0" [stack: 0x000000bec4c00000,0x000000bec4d00000] [id=12388]
  0x000002b9961e7c20 ConcurrentGCThread "G1 Service" [stack: 0x000000bec4d00000,0x000000bec4e00000] [id=8976]

Threads with active compile tasks:
C2 CompilerThread0     9576 5702   !   4       org.springframework.util.ReflectionUtils::doWithMethods (186 bytes)
C1 CompilerThread0     9576 5843       2       java.lang.invoke.LambdaForm::arguments (47 bytes)
C2 CompilerThread1     9576 5684   !   4       org.springframework.core.annotation.AnnotationsScanner::processClassHierarchy (234 bytes)

VM state: at safepoint (normal execution)

VM Mutex/Monitor currently owned by a thread:  ([mutex/lock_event])
[0x000002b996121ca0] Threads_lock - owner thread: 0x000002b9af7a6c80
[0x000002b9961215e0] Heap_lock - owner thread: 0x000002b9b1a431f0

Heap address: 0x0000000081c00000, size: 2020 MB, Compressed Oops mode: 32-bit

CDS archive(s) not mapped
Compressed class space mapped at: 0x0000000100000000-0x0000000140000000, reserved size: 1073741824
Narrow klass base: 0x0000000000000000, Narrow klass shift: 3, Narrow klass range: 0x140000000

GC Precious Log:
 CPUs: 4 total, 4 available
 Memory: 8072M
 Large Page Support: Disabled
 NUMA Support: Disabled
 Compressed Oops: Enabled (32-bit)
 Heap Region Size: 1M
 Heap Min Capacity: 8M
 Heap Initial Capacity: 128M
 Heap Max Capacity: 2020M
 Pre-touch: Disabled
 Parallel Workers: 4
 Concurrent Workers: 1
 Concurrent Refinement Workers: 4
 Periodic GC: Disabled

Heap:
 garbage-first heap   total 63488K, used 25944K [0x0000000081c00000, 0x0000000100000000)
  region size 1024K, 3 young (3072K), 3 survivors (3072K)
 Metaspace       used 69517K, committed 70016K, reserved 1114112K
  class space    used 9149K, committed 9408K, reserved 1048576K

Heap Regions: E=young(eden), S=young(survivor), O=old, HS=humongous(starts), HC=humongous(continues), CS=collection set, F=free, OA=open archive, CA=closed archive, TAMS=top-at-mark-start (previous, next)
|   0|0x0000000081c00000, 0x0000000081d00000, 0x0000000081d00000|100%|HS|  |TAMS 0x0000000081d00000, 0x0000000081d00000| Complete 
|   1|0x0000000081d00000, 0x0000000081e00000, 0x0000000081e00000|100%| O|  |TAMS 0x0000000081e00000, 0x0000000081e00000| Untracked 
|   2|0x0000000081e00000, 0x0000000081f00000, 0x0000000081f00000|100%| O|  |TAMS 0x0000000081f00000, 0x0000000081f00000| Untracked 
|   3|0x0000000081f00000, 0x0000000082000000, 0x0000000082000000|100%| O|  |TAMS 0x0000000082000000, 0x0000000082000000| Untracked 
|   4|0x0000000082000000, 0x0000000082100000, 0x0000000082100000|100%| O|  |TAMS 0x0000000082100000, 0x0000000082100000| Untracked 
|   5|0x0000000082100000, 0x0000000082200000, 0x0000000082200000|100%| O|  |TAMS 0x0000000082200000, 0x0000000082200000| Untracked 
|   6|0x0000000082200000, 0x0000000082300000, 0x0000000082300000|100%| O|  |TAMS 0x0000000082300000, 0x0000000082300000| Untracked 
|   7|0x0000000082300000, 0x0000000082400000, 0x0000000082400000|100%| O|  |TAMS 0x0000000082400000, 0x0000000082400000| Untracked 
|   8|0x0000000082400000, 0x0000000082500000, 0x0000000082500000|100%| O|  |TAMS 0x0000000082500000, 0x0000000082500000| Untracked 
|   9|0x0000000082500000, 0x0000000082600000, 0x0000000082600000|100%| O|  |TAMS 0x0000000082600000, 0x0000000082600000| Untracked 
|  10|0x0000000082600000, 0x0000000082700000, 0x0000000082700000|100%| O|  |TAMS 0x0000000082700000, 0x0000000082700000| Untracked 
|  11|0x0000000082700000, 0x0000000082800000, 0x0000000082800000|100%| O|  |TAMS 0x0000000082700000, 0x0000000082800000| Untracked 
|  12|0x0000000082800000, 0x0000000082900000, 0x0000000082900000|100%| O|  |TAMS 0x0000000082900000, 0x0000000082900000| Untracked 
|  13|0x0000000082900000, 0x0000000082a00000, 0x0000000082a00000|100%| O|  |TAMS 0x0000000082a00000, 0x0000000082a00000| Untracked 
|  14|0x0000000082a00000, 0x0000000082a00000, 0x0000000082b00000|  0%| F|  |TAMS 0x0000000082a00000, 0x0000000082a00000| Untracked 
|  15|0x0000000082b00000, 0x0000000082c00000, 0x0000000082c00000|100%| O|  |TAMS 0x0000000082c00000, 0x0000000082c00000| Untracked 
|  16|0x0000000082c00000, 0x0000000082d00000, 0x0000000082d00000|100%| O|  |TAMS 0x0000000082d00000, 0x0000000082d00000| Untracked 
|  17|0x0000000082d00000, 0x0000000082e00000, 0x0000000082e00000|100%| O|  |TAMS 0x0000000082e00000, 0x0000000082e00000| Untracked 
|  18|0x0000000082e00000, 0x0000000082f00000, 0x0000000082f00000|100%| O|  |TAMS 0x0000000082f00000, 0x0000000082f00000| Untracked 
|  19|0x0000000082f00000, 0x0000000083000000, 0x0000000083000000|100%| O|  |TAMS 0x0000000082f8fc00, 0x0000000083000000| Untracked 
|  20|0x0000000083000000, 0x0000000083100000, 0x0000000083100000|100%| O|  |TAMS 0x0000000083000000, 0x0000000083100000| Untracked 
|  21|0x0000000083100000, 0x0000000083200000, 0x0000000083200000|100%| O|  |TAMS 0x0000000083100000, 0x0000000083200000| Untracked 
|  22|0x0000000083200000, 0x0000000083300000, 0x0000000083300000|100%| O|  |TAMS 0x0000000083200000, 0x0000000083300000| Untracked 
|  23|0x0000000083300000, 0x0000000083400000, 0x0000000083400000|100%| O|  |TAMS 0x0000000083300000, 0x0000000083400000| Untracked 
|  24|0x0000000083400000, 0x0000000083426800, 0x0000000083500000| 15%| O|  |TAMS 0x0000000083400000, 0x0000000083426800| Untracked 
|  25|0x0000000083500000, 0x0000000083500000, 0x0000000083600000|  0%| F|  |TAMS 0x0000000083500000, 0x0000000083500000| Untracked 
|  26|0x0000000083600000, 0x0000000083600000, 0x0000000083700000|  0%| F|  |TAMS 0x0000000083600000, 0x0000000083600000| Untracked 
|  27|0x0000000083700000, 0x0000000083700000, 0x0000000083800000|  0%| F|  |TAMS 0x0000000083700000, 0x0000000083700000| Untracked 
|  28|0x0000000083800000, 0x0000000083800000, 0x0000000083900000|  0%| F|  |TAMS 0x0000000083800000, 0x0000000083800000| Untracked 
|  29|0x0000000083900000, 0x0000000083900000, 0x0000000083a00000|  0%| F|  |TAMS 0x0000000083900000, 0x0000000083900000| Untracked 
|  30|0x0000000083a00000, 0x0000000083a00000, 0x0000000083b00000|  0%| F|  |TAMS 0x0000000083a00000, 0x0000000083a00000| Untracked 
|  31|0x0000000083b00000, 0x0000000083b00000, 0x0000000083c00000|  0%| F|  |TAMS 0x0000000083b00000, 0x0000000083b00000| Untracked 
|  32|0x0000000083c00000, 0x0000000083c00000, 0x0000000083d00000|  0%| F|  |TAMS 0x0000000083c00000, 0x0000000083c00000| Untracked 
|  33|0x0000000083d00000, 0x0000000083d2fb00, 0x0000000083e00000| 18%| S|CS|TAMS 0x0000000083d00000, 0x0000000083d00000| Complete 
|  34|0x0000000083e00000, 0x0000000083f00000, 0x0000000083f00000|100%| S|CS|TAMS 0x0000000083e00000, 0x0000000083e00000| Complete 
|  35|0x0000000083f00000, 0x0000000084000000, 0x0000000084000000|100%| S|CS|TAMS 0x0000000083f00000, 0x0000000083f00000| Complete 
|  36|0x0000000084000000, 0x0000000084000000, 0x0000000084100000|  0%| F|  |TAMS 0x0000000084000000, 0x0000000084000000| Untracked 
|  37|0x0000000084100000, 0x0000000084100000, 0x0000000084200000|  0%| F|  |TAMS 0x0000000084100000, 0x0000000084100000| Untracked 
|  38|0x0000000084200000, 0x0000000084200000, 0x0000000084300000|  0%| F|  |TAMS 0x0000000084200000, 0x0000000084200000| Untracked 
|  39|0x0000000084300000, 0x0000000084300000, 0x0000000084400000|  0%| F|  |TAMS 0x0000000084300000, 0x0000000084300000| Untracked 
|  40|0x0000000084400000, 0x0000000084400000, 0x0000000084500000|  0%| F|  |TAMS 0x0000000084400000, 0x0000000084400000| Untracked 
|  41|0x0000000084500000, 0x0000000084500000, 0x0000000084600000|  0%| F|  |TAMS 0x0000000084500000, 0x0000000084500000| Untracked 
|  42|0x0000000084600000, 0x0000000084600000, 0x0000000084700000|  0%| F|  |TAMS 0x0000000084600000, 0x0000000084600000| Untracked 
|  43|0x0000000084700000, 0x0000000084700000, 0x0000000084800000|  0%| F|  |TAMS 0x0000000084700000, 0x0000000084700000| Untracked 
|  44|0x0000000084800000, 0x0000000084800000, 0x0000000084900000|  0%| F|  |TAMS 0x0000000084800000, 0x0000000084800000| Untracked 
|  45|0x0000000084900000, 0x0000000084900000, 0x0000000084a00000|  0%| F|  |TAMS 0x0000000084900000, 0x0000000084900000| Untracked 
|  46|0x0000000084a00000, 0x0000000084a00000, 0x0000000084b00000|  0%| F|  |TAMS 0x0000000084a00000, 0x0000000084a00000| Untracked 
|  47|0x0000000084b00000, 0x0000000084b00000, 0x0000000084c00000|  0%| F|  |TAMS 0x0000000084b00000, 0x0000000084b00000| Untracked 
|  48|0x0000000084c00000, 0x0000000084c00000, 0x0000000084d00000|  0%| F|  |TAMS 0x0000000084c00000, 0x0000000084c00000| Untracked 
|  49|0x0000000084d00000, 0x0000000084d00000, 0x0000000084e00000|  0%| F|  |TAMS 0x0000000084d00000, 0x0000000084d00000| Untracked 
|  50|0x0000000084e00000, 0x0000000084e00000, 0x0000000084f00000|  0%| F|  |TAMS 0x0000000084e00000, 0x0000000084e00000| Untracked 
|  51|0x0000000084f00000, 0x0000000084f00000, 0x0000000085000000|  0%| F|  |TAMS 0x0000000084f00000, 0x0000000084f00000| Untracked 
|  52|0x0000000085000000, 0x0000000085000000, 0x0000000085100000|  0%| F|  |TAMS 0x0000000085000000, 0x0000000085000000| Untracked 
|  53|0x0000000085100000, 0x0000000085100000, 0x0000000085200000|  0%| F|  |TAMS 0x0000000085100000, 0x0000000085100000| Untracked 
|  54|0x0000000085200000, 0x0000000085200000, 0x0000000085300000|  0%| F|  |TAMS 0x0000000085200000, 0x0000000085200000| Untracked 
|  55|0x0000000085300000, 0x0000000085300000, 0x0000000085400000|  0%| F|  |TAMS 0x0000000085300000, 0x0000000085300000| Untracked 
|  56|0x0000000085400000, 0x0000000085400000, 0x0000000085500000|  0%| F|  |TAMS 0x0000000085400000, 0x0000000085400000| Untracked 
|  57|0x0000000085500000, 0x0000000085500000, 0x0000000085600000|  0%| F|  |TAMS 0x0000000085500000, 0x0000000085500000| Untracked 
|  95|0x0000000087b00000, 0x0000000087b00000, 0x0000000087c00000|  0%| F|  |TAMS 0x0000000087b00000, 0x0000000087b00000| Untracked 
|  96|0x0000000087c00000, 0x0000000087c00000, 0x0000000087d00000|  0%| F|  |TAMS 0x0000000087c00000, 0x0000000087c00000| Untracked 
|  97|0x0000000087d00000, 0x0000000087d00000, 0x0000000087e00000|  0%| F|  |TAMS 0x0000000087d00000, 0x0000000087d00000| Untracked 
| 127|0x0000000089b00000, 0x0000000089b00000, 0x0000000089c00000|  0%| F|  |TAMS 0x0000000089b00000, 0x0000000089b00000| Untracked 

Card table byte_map: [0x000002b9a8be0000,0x000002b9a8fe0000] _byte_map_base: 0x000002b9a87d2000

Marking Bits (Prev, Next): (CMBitMap*) 0x000002b99617f600, (CMBitMap*) 0x000002b99617f5c0
 Prev Bits: [0x000002b9ab370000, 0x000002b9ad300000)
 Next Bits: [0x000002b9a93e0000, 0x000002b9ab370000)

Polling page: 0x000002b994050000

Metaspace:

Usage:
  Non-class:     58.95 MB used.
      Class:      8.93 MB used.
       Both:     67.89 MB used.

Virtual space:
  Non-class space:       64.00 MB reserved,      59.19 MB ( 92%) committed,  8 nodes.
      Class space:        1.00 GB reserved,       9.19 MB ( <1%) committed,  1 nodes.
             Both:        1.06 GB reserved,      68.38 MB (  6%) committed. 

Chunk freelists:
   Non-Class:  197.00 KB
       Class:  2.83 MB
        Both:  3.02 MB

MaxMetaspaceSize: unlimited
CompressedClassSpaceSize: 1.00 GB
Initial GC threshold: 21.00 MB
Current GC threshold: 99.06 MB
CDS: off
MetaspaceReclaimPolicy: balanced
 - commit_granule_bytes: 65536.
 - commit_granule_words: 8192.
 - virtual_space_node_default_size: 1048576.
 - enlarge_chunks_in_place: 1.
 - new_chunks_are_fully_committed: 0.
 - uncommit_free_chunks: 1.
 - use_allocation_guard: 0.
 - handle_deallocations: 1.


Internal statistics:

num_allocs_failed_limit: 14.
num_arena_births: 728.
num_arena_deaths: 0.
num_vsnodes_births: 9.
num_vsnodes_deaths: 0.
num_space_committed: 1094.
num_space_uncommitted: 0.
num_chunks_returned_to_freelist: 14.
num_chunks_taken_from_freelist: 2979.
num_chunk_merges: 9.
num_chunk_splits: 2124.
num_chunks_enlarged: 1646.
num_purges: 0.
num_inconsistent_stats: 0.

CodeHeap 'non-profiled nmethods': size=120000Kb used=2697Kb max_used=3135Kb free=117302Kb
 bounds [0x000002b9a12b0000, 0x000002b9a15c0000, 0x000002b9a87e0000]
CodeHeap 'profiled nmethods': size=120000Kb used=9184Kb max_used=11150Kb free=110815Kb
 bounds [0x000002b999d80000, 0x000002b99a870000, 0x000002b9a12b0000]
CodeHeap 'non-nmethods': size=5760Kb used=1326Kb max_used=1386Kb free=4433Kb
 bounds [0x000002b9997e0000, 0x000002b999a50000, 0x000002b999d80000]
 total_blobs=5647 nmethods=4990 adapters=569
 compilation: enabled
              stopped_count=0, restarted_count=0
 full_count=0

Compilation events (20 events):
Event: 9.510 Thread 0x000002b9b0424830 nmethod 5832 0x000002b9a1503410 code [0x000002b9a15035a0, 0x000002b9a1503678]
Event: 9.510 Thread 0x000002b9b0424830 5833       1       org.springframework.util.ConcurrentLruCache$Node::setNext (6 bytes)
Event: 9.510 Thread 0x000002b9b0424830 nmethod 5833 0x000002b9a1503110 code [0x000002b9a15032a0, 0x000002b9a15033b8]
Event: 9.510 Thread 0x000002b9b0424830 5834       1       org.springframework.util.ConcurrentLruCache$Node::setPrevious (6 bytes)
Event: 9.510 Thread 0x000002b9b0424830 nmethod 5834 0x000002b9a1502e10 code [0x000002b9a1502fa0, 0x000002b9a15030b8]
Event: 9.510 Thread 0x000002b9b0424830 5828       2       org.springframework.core.MethodParameter::getParameterType (48 bytes)
Event: 9.511 Thread 0x000002b9b0424830 nmethod 5828 0x000002b99a023010 code [0x000002b99a0231e0, 0x000002b99a023498]
Event: 9.511 Thread 0x000002b9b0424830 5827       2       org.springframework.asm.Context::<init> (5 bytes)
Event: 9.511 Thread 0x000002b9b0424830 nmethod 5827 0x000002b99a14fc10 code [0x000002b99a14fda0, 0x000002b99a14fe98]
Event: 9.511 Thread 0x000002b9b0424830 5829       1       org.springframework.beans.PropertyEditorRegistrySupport::setConversionService (6 bytes)
Event: 9.511 Thread 0x000002b9b0424830 nmethod 5829 0x000002b9a1502b10 code [0x000002b9a1502ca0, 0x000002b9a1502db8]
Event: 9.511 Thread 0x000002b9b0424830 5831       1       org.springframework.beans.GenericTypeAwarePropertyDescriptor::getWriteMethod (5 bytes)
Event: 9.511 Thread 0x000002b9b0424830 nmethod 5831 0x000002b9a12ba010 code [0x000002b9a12ba1a0, 0x000002b9a12ba278]
Event: 9.513 Thread 0x000002b9b0424830 5839       2       org.springframework.beans.AbstractNestablePropertyAccessor::getWrappedClass (8 bytes)
Event: 9.513 Thread 0x000002b9b0424830 nmethod 5839 0x000002b99a066310 code [0x000002b99a0664c0, 0x000002b99a0666a8]
Event: 9.515 Thread 0x000002b9b0424830 5841       2       java.lang.invoke.DirectMethodHandle$Accessor::checkCast (9 bytes)
Event: 9.516 Thread 0x000002b9b0424830 nmethod 5841 0x000002b99a3dbb90 code [0x000002b99a3dbd40, 0x000002b99a3dbf58]
Event: 9.516 Thread 0x000002b9b0424830 5842       2       org.springframework.cglib.core.CollectionUtils$$Lambda$509/0x0000000100427a88::test (9 bytes)
Event: 9.516 Thread 0x000002b9b0424830 nmethod 5842 0x000002b99a60d910 code [0x000002b99a60daa0, 0x000002b99a60dbe8]
Event: 9.516 Thread 0x000002b9b0424830 5843       2       java.lang.invoke.LambdaForm::arguments (47 bytes)

GC Heap History (20 events):
Event: 2.930 GC heap after
{Heap after GC invocations=7 (full 0):
 garbage-first heap   total 63488K, used 12002K [0x0000000081c00000, 0x0000000100000000)
  region size 1024K, 1 young (1024K), 1 survivors (1024K)
 Metaspace       used 28201K, committed 28416K, reserved 1081344K
  class space    used 3249K, committed 3328K, reserved 1048576K
}
Event: 3.825 GC heap before
{Heap before GC invocations=7 (full 0):
 garbage-first heap   total 63488K, used 43746K [0x0000000081c00000, 0x0000000100000000)
  region size 1024K, 33 young (33792K), 1 survivors (1024K)
 Metaspace       used 32573K, committed 32896K, reserved 1081344K
  class space    used 3809K, committed 3968K, reserved 1048576K
}
Event: 3.830 GC heap after
{Heap after GC invocations=8 (full 0):
 garbage-first heap   total 63488K, used 15084K [0x0000000081c00000, 0x0000000100000000)
  region size 1024K, 4 young (4096K), 4 survivors (4096K)
 Metaspace       used 32573K, committed 32896K, reserved 1081344K
  class space    used 3809K, committed 3968K, reserved 1048576K
}
Event: 4.542 GC heap before
{Heap before GC invocations=8 (full 0):
 garbage-first heap   total 63488K, used 36588K [0x0000000081c00000, 0x0000000100000000)
  region size 1024K, 26 young (26624K), 4 survivors (4096K)
 Metaspace       used 35858K, committed 36160K, reserved 1081344K
  class space    used 4291K, committed 4416K, reserved 1048576K
}
Event: 4.551 GC heap after
{Heap after GC invocations=9 (full 0):
 garbage-first heap   total 63488K, used 17115K [0x0000000081c00000, 0x0000000100000000)
  region size 1024K, 3 young (3072K), 3 survivors (3072K)
 Metaspace       used 35858K, committed 36160K, reserved 1081344K
  class space    used 4291K, committed 4416K, reserved 1048576K
}
Event: 5.392 GC heap before
{Heap before GC invocations=10 (full 0):
 garbage-first heap   total 63488K, used 44763K [0x0000000081c00000, 0x0000000100000000)
  region size 1024K, 31 young (31744K), 3 survivors (3072K)
 Metaspace       used 40929K, committed 41344K, reserved 1089536K
  class space    used 4955K, committed 5120K, reserved 1048576K
}
Event: 5.401 GC heap after
{Heap after GC invocations=11 (full 0):
 garbage-first heap   total 63488K, used 19419K [0x0000000081c00000, 0x0000000100000000)
  region size 1024K, 4 young (4096K), 4 survivors (4096K)
 Metaspace       used 40929K, committed 41344K, reserved 1089536K
  class space    used 4955K, committed 5120K, reserved 1048576K
}
Event: 5.411 GC heap before
{Heap before GC invocations=11 (full 0):
 garbage-first heap   total 63488K, used 20443K [0x0000000081c00000, 0x0000000100000000)
  region size 1024K, 5 young (5120K), 4 survivors (4096K)
 Metaspace       used 40935K, committed 41344K, reserved 1089536K
  class space    used 4955K, committed 5120K, reserved 1048576K
}
Event: 5.417 GC heap after
{Heap after GC invocations=12 (full 0):
 garbage-first heap   total 63488K, used 19727K [0x0000000081c00000, 0x0000000100000000)
  region size 1024K, 1 young (1024K), 1 survivors (1024K)
 Metaspace       used 40935K, committed 41344K, reserved 1089536K
  class space    used 4955K, committed 5120K, reserved 1048576K
}
Event: 6.200 GC heap before
{Heap before GC invocations=12 (full 0):
 garbage-first heap   total 63488K, used 47375K [0x0000000081c00000, 0x0000000100000000)
  region size 1024K, 28 young (28672K), 1 survivors (1024K)
 Metaspace       used 47555K, committed 48000K, reserved 1097728K
  class space    used 5998K, committed 6272K, reserved 1048576K
}
Event: 6.206 GC heap after
{Heap after GC invocations=13 (full 0):
 garbage-first heap   total 63488K, used 20567K [0x0000000081c00000, 0x0000000100000000)
  region size 1024K, 2 young (2048K), 2 survivors (2048K)
 Metaspace       used 47555K, committed 48000K, reserved 1097728K
  class space    used 5998K, committed 6272K, reserved 1048576K
}
Event: 7.347 GC heap before
{Heap before GC invocations=13 (full 0):
 garbage-first heap   total 63488K, used 47191K [0x0000000081c00000, 0x0000000100000000)
  region size 1024K, 29 young (29696K), 2 survivors (2048K)
 Metaspace       used 54581K, committed 55040K, reserved 1097728K
  class space    used 6896K, committed 7104K, reserved 1048576K
}
Event: 7.353 GC heap after
{Heap after GC invocations=14 (full 0):
 garbage-first heap   total 63488K, used 22610K [0x0000000081c00000, 0x0000000100000000)
  region size 1024K, 4 young (4096K), 4 survivors (4096K)
 Metaspace       used 54581K, committed 55040K, reserved 1097728K
  class space    used 6896K, committed 7104K, reserved 1048576K
}
Event: 7.931 GC heap before
{Heap before GC invocations=14 (full 0):
 garbage-first heap   total 63488K, used 40018K [0x0000000081c00000, 0x0000000100000000)
  region size 1024K, 23 young (23552K), 4 survivors (4096K)
 Metaspace       used 60012K, committed 60480K, reserved 1105920K
  class space    used 7676K, committed 7872K, reserved 1048576K
}
Event: 7.937 GC heap after
{Heap after GC invocations=15 (full 0):
 garbage-first heap   total 63488K, used 23380K [0x0000000081c00000, 0x0000000100000000)
  region size 1024K, 3 young (3072K), 3 survivors (3072K)
 Metaspace       used 60012K, committed 60480K, reserved 1105920K
  class space    used 7676K, committed 7872K, reserved 1048576K
}
Event: 8.699 GC heap before
{Heap before GC invocations=16 (full 0):
 garbage-first heap   total 63488K, used 48980K [0x0000000081c00000, 0x0000000100000000)
  region size 1024K, 29 young (29696K), 3 survivors (3072K)
 Metaspace       used 64524K, committed 65088K, reserved 1105920K
  class space    used 8468K, committed 8768K, reserved 1048576K
}
Event: 8.704 GC heap after
{Heap after GC invocations=17 (full 0):
 garbage-first heap   total 63488K, used 24475K [0x0000000081c00000, 0x0000000100000000)
  region size 1024K, 2 young (2048K), 2 survivors (2048K)
 Metaspace       used 64524K, committed 65088K, reserved 1105920K
  class space    used 8468K, committed 8768K, reserved 1048576K
}
Event: 8.728 GC heap before
{Heap before GC invocations=17 (full 0):
 garbage-first heap   total 63488K, used 25499K [0x0000000081c00000, 0x0000000100000000)
  region size 1024K, 3 young (3072K), 2 survivors (2048K)
 Metaspace       used 64783K, committed 65344K, reserved 1105920K
  class space    used 8508K, committed 8768K, reserved 1048576K
}
Event: 8.732 GC heap after
{Heap after GC invocations=18 (full 0):
 garbage-first heap   total 63488K, used 24116K [0x0000000081c00000, 0x0000000100000000)
  region size 1024K, 1 young (1024K), 1 survivors (1024K)
 Metaspace       used 64783K, committed 65344K, reserved 1105920K
  class space    used 8508K, committed 8768K, reserved 1048576K
}
Event: 9.516 GC heap before
{Heap before GC invocations=18 (full 0):
 garbage-first heap   total 63488K, used 49716K [0x0000000081c00000, 0x0000000100000000)
  region size 1024K, 26 young (26624K), 1 survivors (1024K)
 Metaspace       used 69517K, committed 70016K, reserved 1114112K
  class space    used 9149K, committed 9408K, reserved 1048576K
}

Deoptimization events (20 events):
Event: 9.384 Thread 0x000002b9b1a431f0 Uncommon trap: trap_request=0xffffffde fr.pc=0x000002b9a14532d0 relative=0x0000000000000cd0
Event: 9.384 Thread 0x000002b9b1a431f0 Uncommon trap: reason=class_check action=maybe_recompile pc=0x000002b9a14532d0 method=org.springframework.util.ConcurrentReferenceHashMap$Segment.findInChain(Lorg/springframework/util/ConcurrentReferenceHashMap$Reference;Ljava/lang/Object;I)Lorg/springfra
Event: 9.384 Thread 0x000002b9b1a431f0 DEOPT PACKING pc=0x000002b9a14532d0 sp=0x000000bec61faf20
Event: 9.384 Thread 0x000002b9b1a431f0 DEOPT UNPACKING pc=0x000002b9998323a3 sp=0x000000bec61fad68 mode 2
Event: 9.384 Thread 0x000002b9b1a431f0 Uncommon trap: trap_request=0xffffffde fr.pc=0x000002b9a14532d0 relative=0x0000000000000cd0
Event: 9.384 Thread 0x000002b9b1a431f0 Uncommon trap: reason=class_check action=maybe_recompile pc=0x000002b9a14532d0 method=org.springframework.util.ConcurrentReferenceHashMap$Segment.findInChain(Lorg/springframework/util/ConcurrentReferenceHashMap$Reference;Ljava/lang/Object;I)Lorg/springfra
Event: 9.384 Thread 0x000002b9b1a431f0 DEOPT PACKING pc=0x000002b9a14532d0 sp=0x000000bec61faf20
Event: 9.384 Thread 0x000002b9b1a431f0 DEOPT UNPACKING pc=0x000002b9998323a3 sp=0x000000bec61fad68 mode 2
Event: 9.385 Thread 0x000002b9b1a431f0 Uncommon trap: trap_request=0xffffffde fr.pc=0x000002b9a1451430 relative=0x00000000000004f0
Event: 9.385 Thread 0x000002b9b1a431f0 Uncommon trap: reason=class_check action=maybe_recompile pc=0x000002b9a1451430 method=org.springframework.util.ConcurrentReferenceHashMap$Segment.findInChain(Lorg/springframework/util/ConcurrentReferenceHashMap$Reference;Ljava/lang/Object;I)Lorg/springfra
Event: 9.385 Thread 0x000002b9b1a431f0 DEOPT PACKING pc=0x000002b9a1451430 sp=0x000000bec61fadb0
Event: 9.385 Thread 0x000002b9b1a431f0 DEOPT UNPACKING pc=0x000002b9998323a3 sp=0x000000bec61fad48 mode 2
Event: 9.462 Thread 0x000002b9b1a431f0 Uncommon trap: trap_request=0xffffff45 fr.pc=0x000002b9a1357bdc relative=0x000000000000137c
Event: 9.462 Thread 0x000002b9b1a431f0 Uncommon trap: reason=unstable_if action=reinterpret pc=0x000002b9a1357bdc method=java.util.concurrent.ConcurrentHashMap.transfer([Ljava/util/concurrent/ConcurrentHashMap$Node;[Ljava/util/concurrent/ConcurrentHashMap$Node;)V @ 352 c2
Event: 9.462 Thread 0x000002b9b1a431f0 DEOPT PACKING pc=0x000002b9a1357bdc sp=0x000000bec61fb180
Event: 9.462 Thread 0x000002b9b1a431f0 DEOPT UNPACKING pc=0x000002b9998323a3 sp=0x000000bec61fb108 mode 2
Event: 9.463 Thread 0x000002b9b1a431f0 Uncommon trap: trap_request=0xffffff45 fr.pc=0x000002b9a1352778 relative=0x0000000000001138
Event: 9.463 Thread 0x000002b9b1a431f0 Uncommon trap: reason=unstable_if action=reinterpret pc=0x000002b9a1352778 method=java.util.concurrent.ConcurrentHashMap.transfer([Ljava/util/concurrent/ConcurrentHashMap$Node;[Ljava/util/concurrent/ConcurrentHashMap$Node;)V @ 352 c2
Event: 9.463 Thread 0x000002b9b1a431f0 DEOPT PACKING pc=0x000002b9a1352778 sp=0x000000bec61fb1a0
Event: 9.463 Thread 0x000002b9b1a431f0 DEOPT UNPACKING pc=0x000002b9998323a3 sp=0x000000bec61fb108 mode 2

Classes unloaded (0 events):
No events

Classes redefined (0 events):
No events

Internal exceptions (20 events):
Event: 8.597 Thread 0x000002b9b1a431f0 Exception <a 'java/lang/NoSuchMethodError'{0x0000000084055e68}: 'void java.lang.invoke.DirectMethodHandle$Holder.invokeInterface(java.lang.Object, java.lang.Object, int, java.lang.Object)'> (0x0000000084055e68) 
thrown [s\src\hotspot\share\interpreter\linkResolver.cpp, line 759]
Event: 8.600 Thread 0x000002b9b1a431f0 Exception <a 'java/lang/NoSuchMethodError'{0x000000008407c1e8}: 'java.lang.Object java.lang.invoke.DirectMethodHandle$Holder.newInvokeSpecial(java.lang.Object, java.lang.Object, int, java.lang.Object)'> (0x000000008407c1e8) 
thrown [s\src\hotspot\share\interpreter\linkResolver.cpp, line 759]
Event: 8.600 Thread 0x000002b9b1a431f0 Exception <a 'java/lang/NoSuchMethodError'{0x000000008407fdb0}: 'java.lang.Object java.lang.invoke.Invokers$Holder.linkToTargetMethod(java.lang.Object, int, java.lang.Object, java.lang.Object)'> (0x000000008407fdb0) 
thrown [s\src\hotspot\share\interpreter\linkResolver.cpp, line 759]
Event: 8.627 Thread 0x000002b9b1a431f0 Exception <a 'java/lang/NoSuchMethodError'{0x0000000083f8e200}: 'void java.lang.invoke.DirectMethodHandle$Holder.invokeSpecial(java.lang.Object, java.lang.Object, int, java.lang.Object)'> (0x0000000083f8e200) 
thrown [s\src\hotspot\share\interpreter\linkResolver.cpp, line 759]
Event: 8.627 Thread 0x000002b9b1a431f0 Exception <a 'java/lang/NoSuchMethodError'{0x0000000083f950f8}: 'java.lang.Object java.lang.invoke.DirectMethodHandle$Holder.newInvokeSpecial(java.lang.Object, java.lang.Object, int)'> (0x0000000083f950f8) 
thrown [s\src\hotspot\share\interpreter\linkResolver.cpp, line 759]
Event: 8.665 Thread 0x000002b9b1a431f0 Exception <a 'java/lang/NoSuchMethodError'{0x0000000083ee8b50}: 'int java.lang.invoke.DirectMethodHandle$Holder.invokeStatic(java.lang.Object, int, java.lang.Object)'> (0x0000000083ee8b50) 
thrown [s\src\hotspot\share\interpreter\linkResolver.cpp, line 759]
Event: 8.668 Thread 0x000002b9b1a431f0 Exception <a 'java/lang/NoSuchMethodError'{0x0000000083d04760}: 'java.lang.Object java.lang.invoke.DirectMethodHandle$Holder.newInvokeSpecial(java.lang.Object, java.lang.Object, java.lang.Object, java.lang.Object, java.lang.Object, int, java.lang.Object)'> (0x0000000083d04760) 
thrown [s\src\hotspot\share\interpreter\linkResolver.cpp, line 759]
Event: 8.674 Thread 0x000002b9b1a431f0 Exception <a 'java/lang/NoSuchMethodError'{0x0000000083d3acf0}: 'java.lang.Object java.lang.invoke.DirectMethodHandle$Holder.newInvokeSpecial(java.lang.Object, java.lang.Object, java.lang.Object, java.lang.Object, java.lang.Object, java.lang.Object, java.lang.Object, java.lang.Object, java.lang.Object, java.lang.Object, java.lang.Object, java.lang.Object)'> (0x0000000083d3acf0) 
thrown [s\src\hotspot\share\interpreter\linkResolver.cpp, line 759]
Event: 8.674 Thread 0x000002b9b1a431f0 Exception <a 'java/lang/NoSuchMethodError'{0x0000000083d3f788}: 'java.lang.Object java.lang.invoke.DirectMethodHandle$Holder.invokeSpecial(java.lang.Object, java.lang.Object, java.lang.Object, java.lang.Object, java.lang.Object, java.lang.Object, java.lang.Object, java.lang.Object, java.lang.Object, java.lang.Object, java.lang.Object, java.lang.Object, java.lang.Object)'> (0x0000000083d3f788) 
thrown [s\src\hotspot\share\interpreter\linkResolver.cpp, line 759]
Event: 8.674 Thread 0x000002b9b1a431f0 Exception <a 'java/lang/NoSuchMethodError'{0x0000000083d43ea0}: 'java.lang.Object java.lang.invoke.Invokers$Holder.linkToTargetMethod(java.lang.Object, java.lang.Object, java.lang.Object, java.lang.Object, java.lang.Object, java.lang.Object, java.lang.Object, java.lang.Object, java.lang.Object, java.lang.Object, java.lang.Object, java.lang.Object)'> (0x0000000083d43ea0) 
thrown [s\src\hotspot\share\interpreter\linkResolver.cpp, line 759]
Event: 8.745 Thread 0x000002b9b1a431f0 Exception <a 'java/lang/NoSuchMethodError'{0x0000000089b7f4b0}: 'java.lang.Object java.lang.invoke.DirectMethodHandle$Holder.newInvokeSpecial(java.lang.Object, java.lang.Object, int, java.lang.Object, int, java.lang.Object, java.lang.Object)'> (0x0000000089b7f4b0) 
thrown [s\src\hotspot\share\interpreter\linkResolver.cpp, line 759]
Event: 8.757 Thread 0x000002b9b1a431f0 Exception <a 'java/lang/NoSuchMethodError'{0x0000000089bf2b60}: 'java.lang.Object java.lang.invoke.DirectMethodHandle$Holder.newInvokeSpecial(java.lang.Object, java.lang.Object, java.lang.Object, java.lang.Object, java.lang.Object, java.lang.Object, java.lang.Object, int)'> (0x0000000089bf2b60) 
thrown [s\src\hotspot\share\interpreter\linkResolver.cpp, line 759]
Event: 8.757 Thread 0x000002b9b1a431f0 Exception <a 'java/lang/NoSuchMethodError'{0x0000000089bf7e08}: 'java.lang.Object java.lang.invoke.DirectMethodHandle$Holder.invokeSpecial(java.lang.Object, java.lang.Object, java.lang.Object, java.lang.Object, java.lang.Object, java.lang.Object, java.lang.Object, java.lang.Object, int)'> (0x0000000089bf7e08) 
thrown [s\src\hotspot\share\interpreter\linkResolver.cpp, line 759]
Event: 8.757 Thread 0x000002b9b1a431f0 Exception <a 'java/lang/NoSuchMethodError'{0x0000000089bfc8d0}: 'java.lang.Object java.lang.invoke.Invokers$Holder.linkToTargetMethod(java.lang.Object, java.lang.Object, java.lang.Object, java.lang.Object, java.lang.Object, java.lang.Object, int, java.lang.Object)'> (0x0000000089bfc8d0) 
thrown [s\src\hotspot\share\interpreter\linkResolver.cpp, line 759]
Event: 8.788 Thread 0x000002b9b1a431f0 Exception <a 'java/lang/NoSuchMethodError'{0x0000000087cc2c10}: 'void java.lang.invoke.DirectMethodHandle$Holder.invokeInterface(java.lang.Object, java.lang.Object)'> (0x0000000087cc2c10) 
thrown [s\src\hotspot\share\interpreter\linkResolver.cpp, line 759]
Event: 8.954 Thread 0x000002b9b1a431f0 Exception <a 'java/lang/NoSuchMethodError'{0x0000000085292af8}: 'java.lang.Object java.lang.invoke.DirectMethodHandle$Holder.invokeSpecial(java.lang.Object, java.lang.Object, int, java.lang.Object, int)'> (0x0000000085292af8) 
thrown [s\src\hotspot\share\interpreter\linkResolver.cpp, line 759]
Event: 9.209 Thread 0x000002b9b1a431f0 Exception <a 'java/lang/IncompatibleClassChangeError'{0x0000000084cb8eb8}: Found class java.lang.Object, but interface was expected> (0x0000000084cb8eb8) 
thrown [s\src\hotspot\share\interpreter\linkResolver.cpp, line 826]
Event: 9.220 Thread 0x000002b9b1a431f0 Exception <a 'java/lang/IncompatibleClassChangeError'{0x0000000084b2fd60}: Found class java.lang.Object, but interface was expected> (0x0000000084b2fd60) 
thrown [s\src\hotspot\share\interpreter\linkResolver.cpp, line 826]
Event: 9.260 Thread 0x000002b9b1a431f0 Exception <a 'java/lang/IncompatibleClassChangeError'{0x0000000084aaf8e0}: Found class java.lang.Object, but interface was expected> (0x0000000084aaf8e0) 
thrown [s\src\hotspot\share\interpreter\linkResolver.cpp, line 826]
Event: 9.431 Thread 0x000002b9b1a431f0 Exception <a 'java/lang/IncompatibleClassChangeError'{0x000000008437e580}: Found class java.lang.Object, but interface was expected> (0x000000008437e580) 
thrown [s\src\hotspot\share\interpreter\linkResolver.cpp, line 826]

VM Operations (20 events):
Event: 8.704 Executing VM operation: G1CollectForAllocation done
Event: 8.728 Executing VM operation: G1CollectForAllocation
Event: 8.732 Executing VM operation: G1CollectForAllocation done
Event: 8.872 Executing VM operation: HandshakeAllThreads
Event: 8.872 Executing VM operation: HandshakeAllThreads done
Event: 8.925 Executing VM operation: HandshakeAllThreads
Event: 8.925 Executing VM operation: HandshakeAllThreads done
Event: 8.947 Executing VM operation: HandshakeAllThreads
Event: 8.947 Executing VM operation: HandshakeAllThreads done
Event: 8.963 Executing VM operation: HandshakeAllThreads
Event: 8.963 Executing VM operation: HandshakeAllThreads done
Event: 9.218 Executing VM operation: ICBufferFull
Event: 9.218 Executing VM operation: ICBufferFull done
Event: 9.377 Executing VM operation: HandshakeAllThreads
Event: 9.377 Executing VM operation: HandshakeAllThreads done
Event: 9.445 Executing VM operation: HandshakeAllThreads
Event: 9.445 Executing VM operation: HandshakeAllThreads done
Event: 9.446 Executing VM operation: HandshakeAllThreads
Event: 9.446 Executing VM operation: HandshakeAllThreads done
Event: 9.516 Executing VM operation: G1CollectForAllocation

Events (20 events):
Event: 9.389 loading class java/util/WeakHashMap$KeyIterator
Event: 9.389 loading class java/util/WeakHashMap$HashIterator
Event: 9.389 loading class java/util/WeakHashMap$HashIterator done
Event: 9.389 loading class java/util/WeakHashMap$KeyIterator done
Event: 9.389 loading class java/util/WeakHashMap$EntrySet
Event: 9.389 loading class java/util/WeakHashMap$EntrySet done
Event: 9.389 loading class java/util/WeakHashMap$EntryIterator
Event: 9.389 loading class java/util/WeakHashMap$EntryIterator done
Event: 9.440 loading class java/lang/Package$1PackageInfoProxy
Event: 9.440 loading class java/lang/Package$1PackageInfoProxy done
Event: 9.496 loading class sun/reflect/ReflectionFactory
Event: 9.496 loading class sun/reflect/ReflectionFactory done
Event: 9.496 loading class sun/reflect/ReflectionFactory$1
Event: 9.496 loading class sun/reflect/ReflectionFactory$1 done
Event: 9.496 loading class java/io/OptionalDataException
Event: 9.496 loading class java/io/OptionalDataException done
Event: 9.496 loading class jdk/internal/reflect/SerializationConstructorAccessorImpl
Event: 9.496 loading class jdk/internal/reflect/SerializationConstructorAccessorImpl done
Event: 9.515 loading class java/lang/invoke/MethodHandleImpl$CountingWrapper$1
Event: 9.516 loading class java/lang/invoke/MethodHandleImpl$CountingWrapper$1 done


Dynamic libraries:
0x00007ff64a150000 - 0x00007ff64a15e000 	C:\Users\Diks\Downloads\eclipse-java-2022-09-R-win32-x86_64\eclipse\plugins\org.eclipse.justj.openjdk.hotspot.jre.full.win32.x86_64_17.0.4.v20220903-1038\jre\bin\javaw.exe
0x00007ffe3ed20000 - 0x00007ffe3ef2a000 	C:\Windows\SYSTEM32\ntdll.dll
0x00007ffe3e280000 - 0x00007ffe3e33d000 	C:\Windows\System32\KERNEL32.DLL
0x00007ffe3c2f0000 - 0x00007ffe3c675000 	C:\Windows\System32\KERNELBASE.dll
0x00007ffe3c910000 - 0x00007ffe3ca21000 	C:\Windows\System32\ucrtbase.dll
0x00007ffe2ff20000 - 0x00007ffe2ff38000 	C:\Users\Diks\Downloads\eclipse-java-2022-09-R-win32-x86_64\eclipse\plugins\org.eclipse.justj.openjdk.hotspot.jre.full.win32.x86_64_17.0.4.v20220903-1038\jre\bin\jli.dll
0x00007ffe3cb80000 - 0x00007ffe3cd2c000 	C:\Windows\System32\USER32.dll
0x00007ffe3c6f0000 - 0x00007ffe3c716000 	C:\Windows\System32\win32u.dll
0x00007ffe3d260000 - 0x00007ffe3d289000 	C:\Windows\System32\GDI32.dll
0x00007ffe3ca60000 - 0x00007ffe3cb7c000 	C:\Windows\System32\gdi32full.dll
0x00007ffe3c250000 - 0x00007ffe3c2ed000 	C:\Windows\System32\msvcp_win.dll
0x00007ffe2fdb0000 - 0x00007ffe2fdc9000 	C:\Users\Diks\Downloads\eclipse-java-2022-09-R-win32-x86_64\eclipse\plugins\org.eclipse.justj.openjdk.hotspot.jre.full.win32.x86_64_17.0.4.v20220903-1038\jre\bin\VCRUNTIME140.dll
0x00007ffe26910000 - 0x00007ffe26bb5000 	C:\Windows\WinSxS\amd64_microsoft.windows.common-controls_6595b64144ccf1df_6.0.22000.2600_none_1b65155c6ae217ae\COMCTL32.dll
0x00007ffe3d9a0000 - 0x00007ffe3da43000 	C:\Windows\System32\msvcrt.dll
0x00007ffe3d200000 - 0x00007ffe3d231000 	C:\Windows\System32\IMM32.DLL
0x00007ffe37d50000 - 0x00007ffe37d5c000 	C:\Users\Diks\Downloads\eclipse-java-2022-09-R-win32-x86_64\eclipse\plugins\org.eclipse.justj.openjdk.hotspot.jre.full.win32.x86_64_17.0.4.v20220903-1038\jre\bin\vcruntime140_1.dll
0x00007ffe2fa60000 - 0x00007ffe2faf1000 	C:\Users\Diks\Downloads\eclipse-java-2022-09-R-win32-x86_64\eclipse\plugins\org.eclipse.justj.openjdk.hotspot.jre.full.win32.x86_64_17.0.4.v20220903-1038\jre\bin\msvcp140.dll
0x00007ffdacac0000 - 0x00007ffdad706000 	C:\Users\Diks\Downloads\eclipse-java-2022-09-R-win32-x86_64\eclipse\plugins\org.eclipse.justj.openjdk.hotspot.jre.full.win32.x86_64_17.0.4.v20220903-1038\jre\bin\server\jvm.dll
0x00007ffe3cdf0000 - 0x00007ffe3cea1000 	C:\Windows\System32\ADVAPI32.dll
0x00007ffe3cd30000 - 0x00007ffe3cdd2000 	C:\Windows\System32\sechost.dll
0x00007ffe3ca30000 - 0x00007ffe3ca57000 	C:\Windows\System32\bcrypt.dll
0x00007ffe3d3c0000 - 0x00007ffe3d4e0000 	C:\Windows\System32\RPCRT4.dll
0x00007ffe3cde0000 - 0x00007ffe3cde8000 	C:\Windows\System32\PSAPI.DLL
0x00007ffe26e50000 - 0x00007ffe26e59000 	C:\Windows\SYSTEM32\WSOCK32.dll
0x00007ffe3dda0000 - 0x00007ffe3de0f000 	C:\Windows\System32\WS2_32.dll
0x00007ffe37d60000 - 0x00007ffe37d93000 	C:\Windows\SYSTEM32\WINMM.dll
0x00007ffe33a10000 - 0x00007ffe33a1a000 	C:\Windows\SYSTEM32\VERSION.dll
0x00007ffe3b240000 - 0x00007ffe3b258000 	C:\Windows\SYSTEM32\kernel.appcore.dll
0x00007ffe393e0000 - 0x00007ffe393ea000 	C:\Users\Diks\Downloads\eclipse-java-2022-09-R-win32-x86_64\eclipse\plugins\org.eclipse.justj.openjdk.hotspot.jre.full.win32.x86_64_17.0.4.v20220903-1038\jre\bin\jimage.dll
0x00007ffe39d90000 - 0x00007ffe39fb1000 	C:\Windows\SYSTEM32\DBGHELP.DLL
0x00007ffe23190000 - 0x00007ffe231c1000 	C:\Windows\SYSTEM32\dbgcore.DLL
0x00007ffe3c720000 - 0x00007ffe3c79f000 	C:\Windows\System32\bcryptPrimitives.dll
0x00007ffe31c00000 - 0x00007ffe31c25000 	C:\Users\Diks\Downloads\eclipse-java-2022-09-R-win32-x86_64\eclipse\plugins\org.eclipse.justj.openjdk.hotspot.jre.full.win32.x86_64_17.0.4.v20220903-1038\jre\bin\java.dll
0x00007ffe32450000 - 0x00007ffe32468000 	C:\Users\Diks\Downloads\eclipse-java-2022-09-R-win32-x86_64\eclipse\plugins\org.eclipse.justj.openjdk.hotspot.jre.full.win32.x86_64_17.0.4.v20220903-1038\jre\bin\zip.dll
0x00007ffe3e340000 - 0x00007ffe3eb06000 	C:\Windows\System32\SHELL32.dll
0x00007ffe3a2b0000 - 0x00007ffe3ab13000 	C:\Windows\SYSTEM32\windows.storage.dll
0x00007ffe3d540000 - 0x00007ffe3d8b6000 	C:\Windows\System32\combase.dll
0x00007ffe3a140000 - 0x00007ffe3a2a7000 	C:\Windows\SYSTEM32\wintypes.dll
0x00007ffe3dba0000 - 0x00007ffe3dc8a000 	C:\Windows\System32\SHCORE.dll
0x00007ffe3dd40000 - 0x00007ffe3dd9d000 	C:\Windows\System32\shlwapi.dll
0x00007ffe3c0c0000 - 0x00007ffe3c0e1000 	C:\Windows\SYSTEM32\profapi.dll
0x00007ffe30700000 - 0x00007ffe30719000 	C:\Users\Diks\Downloads\eclipse-java-2022-09-R-win32-x86_64\eclipse\plugins\org.eclipse.justj.openjdk.hotspot.jre.full.win32.x86_64_17.0.4.v20220903-1038\jre\bin\net.dll
0x00007ffe38300000 - 0x00007ffe38414000 	C:\Windows\SYSTEM32\WINHTTP.dll
0x00007ffe3b6d0000 - 0x00007ffe3b737000 	C:\Windows\system32\mswsock.dll
0x00007ffe2ff60000 - 0x00007ffe2ff75000 	C:\Users\Diks\Downloads\eclipse-java-2022-09-R-win32-x86_64\eclipse\plugins\org.eclipse.justj.openjdk.hotspot.jre.full.win32.x86_64_17.0.4.v20220903-1038\jre\bin\nio.dll
0x00007ffe37070000 - 0x00007ffe37079000 	C:\Users\Diks\Downloads\eclipse-java-2022-09-R-win32-x86_64\eclipse\plugins\org.eclipse.justj.openjdk.hotspot.jre.full.win32.x86_64_17.0.4.v20220903-1038\jre\bin\management.dll
0x00007ffe33940000 - 0x00007ffe3394b000 	C:\Users\Diks\Downloads\eclipse-java-2022-09-R-win32-x86_64\eclipse\plugins\org.eclipse.justj.openjdk.hotspot.jre.full.win32.x86_64_17.0.4.v20220903-1038\jre\bin\management_ext.dll
0x00007ffe37a50000 - 0x00007ffe37a5e000 	C:\Users\Diks\Downloads\eclipse-java-2022-09-R-win32-x86_64\eclipse\plugins\org.eclipse.justj.openjdk.hotspot.jre.full.win32.x86_64_17.0.4.v20220903-1038\jre\bin\sunmscapi.dll
0x00007ffe3c7a0000 - 0x00007ffe3c90a000 	C:\Windows\System32\CRYPT32.dll
0x00007ffe3bad0000 - 0x00007ffe3bafa000 	C:\Windows\SYSTEM32\ncrypt.dll
0x00007ffe3ba90000 - 0x00007ffe3bac7000 	C:\Windows\SYSTEM32\NTASN1.dll
0x00007ffe3b920000 - 0x00007ffe3b938000 	C:\Windows\SYSTEM32\CRYPTSP.dll
0x00007ffe3b1a0000 - 0x00007ffe3b1d5000 	C:\Windows\system32\rsaenh.dll
0x00007ffe3b7c0000 - 0x00007ffe3b7e9000 	C:\Windows\SYSTEM32\USERENV.dll
0x00007ffe3b910000 - 0x00007ffe3b91c000 	C:\Windows\SYSTEM32\CRYPTBASE.dll
0x00007ffe3ad70000 - 0x00007ffe3ad9d000 	C:\Windows\SYSTEM32\IPHLPAPI.DLL
0x00007ffe3d180000 - 0x00007ffe3d189000 	C:\Windows\System32\NSI.dll
0x00007ffe38590000 - 0x00007ffe385a9000 	C:\Windows\SYSTEM32\dhcpcsvc6.DLL
0x00007ffe38810000 - 0x00007ffe3882e000 	C:\Windows\SYSTEM32\dhcpcsvc.DLL
0x00007ffe3ade0000 - 0x00007ffe3aec7000 	C:\Windows\SYSTEM32\DNSAPI.dll
0x00007ffe37d10000 - 0x00007ffe37d20000 	C:\Users\Diks\Downloads\eclipse-java-2022-09-R-win32-x86_64\eclipse\plugins\org.eclipse.justj.openjdk.hotspot.jre.full.win32.x86_64_17.0.4.v20220903-1038\jre\bin\verify.dll
0x00007ffe2be00000 - 0x00007ffe2be0a000 	C:\Windows\System32\rasadhlp.dll
0x00007ffe32860000 - 0x00007ffe328e1000 	C:\Windows\System32\fwpuclnt.dll

dbghelp: loaded successfully - version: 4.0.5 - missing functions: none
symbol engine: initialized successfully - sym options: 0x614 - pdb path: .;C:\Users\Diks\Downloads\eclipse-java-2022-09-R-win32-x86_64\eclipse\plugins\org.eclipse.justj.openjdk.hotspot.jre.full.win32.x86_64_17.0.4.v20220903-1038\jre\bin;C:\Windows\SYSTEM32;C:\Windows\WinSxS\amd64_microsoft.windows.common-controls_6595b64144ccf1df_6.0.22000.2600_none_1b65155c6ae217ae;C:\Users\Diks\Downloads\eclipse-java-2022-09-R-win32-x86_64\eclipse\plugins\org.eclipse.justj.openjdk.hotspot.jre.full.win32.x86_64_17.0.4.v20220903-1038\jre\bin\server

VM Arguments:
jvm_args: -Dfile.encoding=UTF-8 -XX:+ShowCodeDetailsInExceptionMessages 
java_command: com.project.Logistic.LogisticApplication
java_class_path (initial): C:\Users\Diks\Downloads\Logistic\Logistic\target\classes;C:\Users\Diks\.m2\repository\org\springframework\boot\spring-boot-starter-data-jpa\3.3.3\spring-boot-starter-data-jpa-3.3.3.jar;C:\Users\Diks\.m2\repository\org\springframework\boot\spring-boot-starter-aop\3.3.3\spring-boot-starter-aop-3.3.3.jar;C:\Users\Diks\.m2\repository\org\aspectj\aspectjweaver\1.9.22.1\aspectjweaver-1.9.22.1.jar;C:\Users\Diks\.m2\repository\org\springframework\boot\spring-boot-starter-jdbc\3.3.3\spring-boot-starter-jdbc-3.3.3.jar;C:\Users\Diks\.m2\repository\com\zaxxer\HikariCP\5.1.0\HikariCP-5.1.0.jar;C:\Users\Diks\.m2\repository\org\springframework\spring-jdbc\6.1.12\spring-jdbc-6.1.12.jar;C:\Users\Diks\.m2\repository\org\hibernate\orm\hibernate-core\6.5.2.Final\hibernate-core-6.5.2.Final.jar;C:\Users\Diks\.m2\repository\jakarta\persistence\jakarta.persistence-api\3.1.0\jakarta.persistence-api-3.1.0.jar;C:\Users\Diks\.m2\repository\jakarta\transaction\jakarta.transaction-api\2.0.1\jakarta.transaction-api-2.0.1.jar;C:\Users\Diks\.m2\repository\org\jboss\logging\jboss-logging\3.5.3.Final\jboss-logging-3.5.3.Final.jar;C:\Users\Diks\.m2\repository\org\hibernate\common\hibernate-commons-annotations\6.0.6.Final\hibernate-commons-annotations-6.0.6.Final.jar;C:\Users\Diks\.m2\repository\io\smallrye\jandex\3.1.2\jandex-3.1.2.jar;C:\Users\Diks\.m2\repository\com\fasterxml\classmate\1.7.0\classmate-1.7.0.jar;C:\Users\Diks\.m2\repository\net\bytebuddy\byte-buddy\1.14.19\byte-buddy-1.14.19.jar;C:\Users\Diks\.m2\repository\org\glassfish\jaxb\jaxb-runtime\4.0.5\jaxb-runtime-4.0.5.jar;C:\Users\Diks\.m2\repository\org\glassfish\jaxb\jaxb-core\4.0.5\jaxb-core-4.0.5.jar;C:\Users\Diks\.m2\repository\org\eclipse\angus\angus-activation\2.0.2\angus-activation-2.0.2.jar;C:\Users\Diks\.m2\repository\org\glassfish\jaxb\txw2\4.0.5\txw2-4.0.5.jar;C:\Users\Diks\.m2\repository\com\sun\istack\istack-commons-runtime\4.1.2\istack-commons-runtime-4.1.2.jar;C:\Users\Diks\.m2\repository\jakar
Launcher Type: SUN_STANDARD

[Global flags]
     intx CICompilerCount                          = 3                                         {product} {ergonomic}
     uint ConcGCThreads                            = 1                                         {product} {ergonomic}
     uint G1ConcRefinementThreads                  = 4                                         {product} {ergonomic}
   size_t G1HeapRegionSize                         = 1048576                                   {product} {ergonomic}
    uintx GCDrainStackTargetSize                   = 64                                        {product} {ergonomic}
   size_t InitialHeapSize                          = 134217728                                 {product} {ergonomic}
   size_t MarkStackSize                            = 4194304                                   {product} {ergonomic}
   size_t MaxHeapSize                              = 2118123520                                {product} {ergonomic}
   size_t MaxNewSize                               = 1270874112                                {product} {ergonomic}
   size_t MinHeapDeltaBytes                        = 1048576                                   {product} {ergonomic}
   size_t MinHeapSize                              = 8388608                                   {product} {ergonomic}
    uintx NonNMethodCodeHeapSize                   = 5832780                                {pd product} {ergonomic}
    uintx NonProfiledCodeHeapSize                  = 122912730                              {pd product} {ergonomic}
    uintx ProfiledCodeHeapSize                     = 122912730                              {pd product} {ergonomic}
    uintx ReservedCodeCacheSize                    = 251658240                              {pd product} {ergonomic}
     bool SegmentedCodeCache                       = true                                      {product} {ergonomic}
     bool ShowCodeDetailsInExceptionMessages       = true                                   {manageable} {command line}
   size_t SoftMaxHeapSize                          = 2118123520                             {manageable} {ergonomic}
     bool UseCompressedClassPointers               = true                           {product lp64_product} {ergonomic}
     bool UseCompressedOops                        = true                           {product lp64_product} {ergonomic}
     bool UseG1GC                                  = true                                      {product} {ergonomic}
     bool UseLargePagesIndividualAllocation        = false                                  {pd product} {ergonomic}

Logging:
Log output configuration:
 #0: stdout all=warning uptime,level,tags
 #1: stderr all=off uptime,level,tags

Environment Variables:
PATH=C:/Users/Diks/Downloads/eclipse-java-2022-09-R-win32-x86_64/eclipse//plugins/org.eclipse.justj.openjdk.hotspot.jre.full.win32.x86_64_17.0.4.v20220903-1038/jre/bin/server;C:/Users/Diks/Downloads/eclipse-java-2022-09-R-win32-x86_64/eclipse//plugins/org.eclipse.justj.openjdk.hotspot.jre.full.win32.x86_64_17.0.4.v20220903-1038/jre/bin;C:\oracle\product\10.2.0\db_1\bin;C:\oraclexe\app\oracle\product\11.2.0\server\bin;C:\Users\Diks\Desktop\01JB;C:\Windows;C:\Windows\System32\Wbem;C:\Windows\System32\WindowsPowerShell\v1.0\;C:\Windows\System32\OpenSSH\;%This PC%\Desktop;C:\Users\Diks\Desktop;C:\Program Files\Common Files\Oracle\Java\javapath;C:\jdk-18.0.2;C:\Program Files\Git\cmd;C:\Users\Diks\AppData\Local\Microsoft\WindowsApps;.;C:\Users\Diks\AppData\Local\Programs\Python\Python312;C:\Users\Diks\Downloads\eclipse-java-2022-09-R-win32-x86_64\eclipse;
USERNAME=Diks
OS=Windows_NT
PROCESSOR_IDENTIFIER=Intel64 Family 6 Model 78 Stepping 3, GenuineIntel
TMP=C:\Users\Diks\AppData\Local\Temp
TEMP=C:\Users\Diks\AppData\Local\Temp



---------------  S Y S T E M  ---------------

OS:
 Windows 11 , 64 bit Build 22000 (10.0.22000.2836)
OS uptime: 1 days 3:49 hours

CPU: total 4 (initial active 4) (2 cores per cpu, 2 threads per core) family 6 model 78 stepping 3 microcode 0xd6, cx8, cmov, fxsr, ht, mmx, 3dnowpref, sse, sse2, sse3, ssse3, sse4.1, sse4.2, popcnt, lzcnt, tsc, tscinvbit, avx, avx2, aes, erms, clmul, bmi1, bmi2, rtm, adx, fma, vzeroupper, clflush, clflushopt

Memory: 4k page, system-wide physical 8072M (507M free)
TotalPageFile size 8072M (AvailPageFile size 28M)
current process WorkingSet (physical memory assigned to process): 248M, peak: 248M
current process commit charge ("private bytes"): 271M, peak: 306M

vm_info: OpenJDK 64-Bit Server VM (17.0.4.1+1) for windows-amd64 JRE (17.0.4.1+1), built on Aug 17 2022 07:42:43 by "temurin" with MS VC++ 16.7 (VS2019)

END.
