#
# There is insufficient memory for the Java Runtime Environment to continue.
# Native memory allocation (mmap) failed to map 13631488 bytes for G1 virtual space
# Possible reasons:
#   The system is out of physical RAM or swap space
#   The process is running with CompressedOops enabled, and the Java Heap may be blocking the growth of the native heap
# Possible solutions:
#   Reduce memory load on the system
#   Increase physical memory or swap space
#   Check if swap backing store is full
#   Decrease Java heap size (-Xmx/-Xms)
#   Decrease number of Java threads
#   Decrease Java thread stack sizes (-Xss)
#   Set larger code cache with -XX:ReservedCodeCacheSize=
#   JVM is running with Unscaled Compressed Oops mode in which the Java heap is
#     placed in the first 4GB address space. The Java Heap base address is the
#     maximum limit for the native heap growth. Please use -XX:HeapBaseMinAddress
#     to set the Java Heap base and to place the Java Heap above 4GB virtual address.
# This output file may be truncated or incomplete.
#
#  Out of Memory Error (os_windows.cpp:3541), pid=9488, tid=12332
#
# JRE version: OpenJDK Runtime Environment Temurin-17.0.4.1+1 (17.0.4.1+1) (build 17.0.4.1+1)
# Java VM: OpenJDK 64-Bit Server VM Temurin-17.0.4.1+1 (17.0.4.1+1, mixed mode, tiered, compressed oops, compressed class ptrs, g1 gc, windows-amd64)
# No core dump will be written. Minidumps are not enabled by default on client versions of Windows
#

---------------  S U M M A R Y ------------

Command Line: -Dfile.encoding=UTF-8 -XX:+ShowCodeDetailsInExceptionMessages com.project.Logistic.LogisticApplication

Host: Intel(R) Core(TM) i5-6300U CPU @ 2.40GHz, 4 cores, 7G,  Windows 11 , 64 bit Build 22000 (10.0.22000.2836)
Time: Thu Sep  5 10:50:23 2024 India Standard Time elapsed time: 80.885089 seconds (0d 0h 1m 20s)

---------------  T H R E A D  ---------------

Current thread (0x000001fabdecd520):  VMThread "VM Thread" [stack: 0x000000dc56900000,0x000000dc56a00000] [id=12332]

Stack: [0x000000dc56900000,0x000000dc56a00000]
Native frames: (J=compiled Java code, j=interpreted, Vv=VM code, C=native code)
V  [jvm.dll+0x67731a]
V  [jvm.dll+0x832284]
V  [jvm.dll+0x833a2e]
V  [jvm.dll+0x834093]
V  [jvm.dll+0x245775]
V  [jvm.dll+0x674209]
V  [jvm.dll+0x668a92]
V  [jvm.dll+0x30471b]
V  [jvm.dll+0x30bc66]
V  [jvm.dll+0x35ba9e]
V  [jvm.dll+0x35bccf]
V  [jvm.dll+0x2db5b8]
V  [jvm.dll+0x2d986c]
V  [jvm.dll+0x2d8e3c]
V  [jvm.dll+0x31cd9b]
V  [jvm.dll+0x83853b]
V  [jvm.dll+0x839274]
V  [jvm.dll+0x83978c]
V  [jvm.dll+0x839b64]
V  [jvm.dll+0x839c30]
V  [jvm.dll+0x7e240a]
V  [jvm.dll+0x6761a5]
C  [ucrtbase.dll+0x26c0c]
C  [KERNEL32.DLL+0x153e0]
C  [ntdll.dll+0x485b]

VM_Operation (0x000000dc584fc370): G1CollectForAllocation, mode: safepoint, requested by thread 0x000001fabfac7080


---------------  P R O C E S S  ---------------

Threads class SMR info:
_java_thread_list=0x000001fac22ce7e0, length=31, elements={
0x000001fabded0300, 0x000001fabded5260, 0x000001fabdef4d20, 0x000001fabdef55e0,
0x000001fabe91e410, 0x000001fabe91f470, 0x000001fabe9444b0, 0x000001fabe945e90,
0x000001fabdf1b720, 0x000001fabea67200, 0x000001fabeabe800, 0x000001fabfac5870,
0x000001fabfac4060, 0x000001fabfac66e0, 0x000001fabfac4a00, 0x000001fabfac4ed0,
0x000001fabfac53a0, 0x000001fabfac5d40, 0x000001fabfac7080, 0x000001fabfac6210,
0x000001fabfac7550, 0x000001fabfac7a20, 0x000001fac01e57f0, 0x000001fac01e6b30,
0x000001fac01ebd00, 0x000001fac01ea9c0, 0x000001fac01ea4f0, 0x000001fac01eb830,
0x000001fac01e6190, 0x000001fac01eae90, 0x000001fac01e8340
}

Java Threads: ( => current thread )
  0x000001fabded0300 JavaThread "Reference Handler" daemon [_thread_blocked, id=11344, stack(0x000000dc56a00000,0x000000dc56b00000)]
  0x000001fabded5260 JavaThread "Finalizer" daemon [_thread_blocked, id=12112, stack(0x000000dc56b00000,0x000000dc56c00000)]
  0x000001fabdef4d20 JavaThread "Signal Dispatcher" daemon [_thread_blocked, id=8712, stack(0x000000dc56c00000,0x000000dc56d00000)]
  0x000001fabdef55e0 JavaThread "Attach Listener" daemon [_thread_blocked, id=6176, stack(0x000000dc56d00000,0x000000dc56e00000)]
  0x000001fabe91e410 JavaThread "Service Thread" daemon [_thread_blocked, id=13264, stack(0x000000dc56e00000,0x000000dc56f00000)]
  0x000001fabe91f470 JavaThread "Monitor Deflation Thread" daemon [_thread_blocked, id=10892, stack(0x000000dc56f00000,0x000000dc57000000)]
  0x000001fabe9444b0 JavaThread "C2 CompilerThread0" daemon [_thread_blocked, id=7612, stack(0x000000dc57000000,0x000000dc57100000)]
  0x000001fabe945e90 JavaThread "C1 CompilerThread0" daemon [_thread_blocked, id=8732, stack(0x000000dc57100000,0x000000dc57200000)]
  0x000001fabdf1b720 JavaThread "Sweeper thread" daemon [_thread_blocked, id=14156, stack(0x000000dc57200000,0x000000dc57300000)]
  0x000001fabea67200 JavaThread "Notification Thread" daemon [_thread_blocked, id=2696, stack(0x000000dc57300000,0x000000dc57400000)]
  0x000001fabeabe800 JavaThread "Common-Cleaner" daemon [_thread_blocked, id=9332, stack(0x000000dc57500000,0x000000dc57600000)]
  0x000001fabfac5870 JavaThread "Catalina-utility-1" [_thread_blocked, id=5964, stack(0x000000dc57c00000,0x000000dc57d00000)]
  0x000001fabfac4060 JavaThread "Catalina-utility-2" [_thread_blocked, id=13448, stack(0x000000dc57d00000,0x000000dc57e00000)]
  0x000001fabfac66e0 JavaThread "container-0" [_thread_blocked, id=4144, stack(0x000000dc57e00000,0x000000dc57f00000)]
  0x000001fabfac4a00 JavaThread "PostgreSQL-JDBC-Cleaner" daemon [_thread_blocked, id=8068, stack(0x000000dc58000000,0x000000dc58100000)]
  0x000001fabfac4ed0 JavaThread "HikariPool-1 housekeeper" daemon [_thread_blocked, id=9636, stack(0x000000dc58100000,0x000000dc58200000)]
  0x000001fabfac53a0 JavaThread "File Watcher" daemon [_thread_blocked, id=9280, stack(0x000000dc58300000,0x000000dc58400000)]
  0x000001fabfac5d40 JavaThread "Live Reload Server" daemon [_thread_in_native, id=11128, stack(0x000000dc58500000,0x000000dc58600000)]
  0x000001fabfac7080 JavaThread "http-nio-8081-exec-1" daemon [_thread_blocked, id=2816, stack(0x000000dc58400000,0x000000dc58500000)]
  0x000001fabfac6210 JavaThread "http-nio-8081-exec-2" daemon [_thread_blocked, id=9236, stack(0x000000dc58600000,0x000000dc58700000)]
  0x000001fabfac7550 JavaThread "http-nio-8081-exec-3" daemon [_thread_blocked, id=6588, stack(0x000000dc58700000,0x000000dc58800000)]
  0x000001fabfac7a20 JavaThread "http-nio-8081-exec-4" daemon [_thread_blocked, id=1596, stack(0x000000dc58800000,0x000000dc58900000)]
  0x000001fac01e57f0 JavaThread "http-nio-8081-exec-5" daemon [_thread_blocked, id=3828, stack(0x000000dc58900000,0x000000dc58a00000)]
  0x000001fac01e6b30 JavaThread "http-nio-8081-exec-6" daemon [_thread_blocked, id=9872, stack(0x000000dc58a00000,0x000000dc58b00000)]
  0x000001fac01ebd00 JavaThread "http-nio-8081-exec-7" daemon [_thread_blocked, id=1080, stack(0x000000dc58b00000,0x000000dc58c00000)]
  0x000001fac01ea9c0 JavaThread "http-nio-8081-exec-8" daemon [_thread_blocked, id=14316, stack(0x000000dc58c00000,0x000000dc58d00000)]
  0x000001fac01ea4f0 JavaThread "http-nio-8081-exec-9" daemon [_thread_blocked, id=13872, stack(0x000000dc58d00000,0x000000dc58e00000)]
  0x000001fac01eb830 JavaThread "http-nio-8081-exec-10" daemon [_thread_blocked, id=7780, stack(0x000000dc58e00000,0x000000dc58f00000)]
  0x000001fac01e6190 JavaThread "http-nio-8081-Poller" daemon [_thread_in_native, id=7712, stack(0x000000dc58f00000,0x000000dc59000000)]
  0x000001fac01eae90 JavaThread "http-nio-8081-Acceptor" daemon [_thread_in_native, id=10372, stack(0x000000dc59000000,0x000000dc59100000)]
  0x000001fac01e8340 JavaThread "DestroyJavaVM" [_thread_blocked, id=5724, stack(0x000000dc56300000,0x000000dc56400000)]

Other Threads:
=>0x000001fabdecd520 VMThread "VM Thread" [stack: 0x000000dc56900000,0x000000dc56a00000] [id=12332]
  0x000001fabde6d660 WatcherThread [stack: 0x000000dc57400000,0x000000dc57500000] [id=11240]
  0x000001faa290e820 GCTaskThread "GC Thread#0" [stack: 0x000000dc56400000,0x000000dc56500000] [id=572]
  0x000001fabf481120 GCTaskThread "GC Thread#1" [stack: 0x000000dc57700000,0x000000dc57800000] [id=4860]
  0x000001fabf846300 GCTaskThread "GC Thread#2" [stack: 0x000000dc57800000,0x000000dc57900000] [id=13160]
  0x000001fabf346d50 GCTaskThread "GC Thread#3" [stack: 0x000000dc57900000,0x000000dc57a00000] [id=12380]
  0x000001faa291f3e0 ConcurrentGCThread "G1 Main Marker" [stack: 0x000000dc56500000,0x000000dc56600000] [id=11248]
  0x000001faa291fdf0 ConcurrentGCThread "G1 Conc#0" [stack: 0x000000dc56600000,0x000000dc56700000] [id=6944]
  0x000001faa2975d30 ConcurrentGCThread "G1 Refine#0" [stack: 0x000000dc56700000,0x000000dc56800000] [id=13568]
  0x000001fabdd410b0 ConcurrentGCThread "G1 Service" [stack: 0x000000dc56800000,0x000000dc56900000] [id=7164]

Threads with active compile tasks:
C2 CompilerThread0    80943 6673       4       java.lang.invoke.LambdaForm$Name::replaceNames (175 bytes)

VM state: at safepoint (normal execution)

VM Mutex/Monitor currently owned by a thread:  ([mutex/lock_event])
[0x000001faa28ae230] Threads_lock - owner thread: 0x000001fabdecd520
[0x000001faa28ae6b0] Heap_lock - owner thread: 0x000001fabfac7080

Heap address: 0x0000000081c00000, size: 2020 MB, Compressed Oops mode: 32-bit

CDS archive(s) not mapped
Compressed class space mapped at: 0x0000000100000000-0x0000000140000000, reserved size: 1073741824
Narrow klass base: 0x0000000000000000, Narrow klass shift: 3, Narrow klass range: 0x140000000

GC Precious Log:
 CPUs: 4 total, 4 available
 Memory: 8072M
 Large Page Support: Disabled
 NUMA Support: Disabled
 Compressed Oops: Enabled (32-bit)
 Heap Region Size: 1M
 Heap Min Capacity: 8M
 Heap Initial Capacity: 128M
 Heap Max Capacity: 2020M
 Pre-touch: Disabled
 Parallel Workers: 4
 Concurrent Workers: 1
 Concurrent Refinement Workers: 4
 Periodic GC: Disabled

Heap:
 garbage-first heap   total 63488K, used 32984K [0x0000000081c00000, 0x0000000100000000)
  region size 1024K, 2 young (2048K), 2 survivors (2048K)
 Metaspace       used 76912K, committed 77504K, reserved 1122304K
  class space    used 10135K, committed 10432K, reserved 1048576K

Heap Regions: E=young(eden), S=young(survivor), O=old, HS=humongous(starts), HC=humongous(continues), CS=collection set, F=free, OA=open archive, CA=closed archive, TAMS=top-at-mark-start (previous, next)
|   0|0x0000000081c00000, 0x0000000081d00000, 0x0000000081d00000|100%|HS|  |TAMS 0x0000000081d00000, 0x0000000081c00000| Complete 
|   1|0x0000000081d00000, 0x0000000081e00000, 0x0000000081e00000|100%| O|  |TAMS 0x0000000081e00000, 0x0000000081d00000| Untracked 
|   2|0x0000000081e00000, 0x0000000081f00000, 0x0000000081f00000|100%| O|  |TAMS 0x0000000081f00000, 0x0000000081e00000| Untracked 
|   3|0x0000000081f00000, 0x0000000082000000, 0x0000000082000000|100%| O|  |TAMS 0x0000000082000000, 0x0000000081f00000| Untracked 
|   4|0x0000000082000000, 0x0000000082100000, 0x0000000082100000|100%| O|  |TAMS 0x0000000082100000, 0x0000000082000000| Untracked 
|   5|0x0000000082100000, 0x0000000082200000, 0x0000000082200000|100%| O|  |TAMS 0x0000000082200000, 0x0000000082100000| Untracked 
|   6|0x0000000082200000, 0x0000000082300000, 0x0000000082300000|100%| O|  |TAMS 0x0000000082300000, 0x0000000082200000| Untracked 
|   7|0x0000000082300000, 0x0000000082400000, 0x0000000082400000|100%| O|  |TAMS 0x0000000082400000, 0x0000000082300000| Untracked 
|   8|0x0000000082400000, 0x0000000082500000, 0x0000000082500000|100%| O|  |TAMS 0x0000000082500000, 0x0000000082400000| Untracked 
|   9|0x0000000082500000, 0x0000000082600000, 0x0000000082600000|100%| O|  |TAMS 0x0000000082600000, 0x0000000082500000| Untracked 
|  10|0x0000000082600000, 0x0000000082700000, 0x0000000082700000|100%| O|  |TAMS 0x0000000082700000, 0x0000000082600000| Untracked 
|  11|0x0000000082700000, 0x0000000082800000, 0x0000000082800000|100%| O|  |TAMS 0x0000000082800000, 0x0000000082700000| Untracked 
|  12|0x0000000082800000, 0x0000000082900000, 0x0000000082900000|100%| O|  |TAMS 0x0000000082900000, 0x0000000082800000| Untracked 
|  13|0x0000000082900000, 0x0000000082a00000, 0x0000000082a00000|100%| O|  |TAMS 0x0000000082a00000, 0x0000000082900000| Untracked 
|  14|0x0000000082a00000, 0x0000000082b00000, 0x0000000082b00000|100%| O|  |TAMS 0x0000000082b00000, 0x0000000082a00000| Untracked 
|  15|0x0000000082b00000, 0x0000000082c00000, 0x0000000082c00000|100%| O|  |TAMS 0x0000000082c00000, 0x0000000082b00000| Untracked 
|  16|0x0000000082c00000, 0x0000000082d00000, 0x0000000082d00000|100%| O|  |TAMS 0x0000000082d00000, 0x0000000082c00000| Untracked 
|  17|0x0000000082d00000, 0x0000000082e00000, 0x0000000082e00000|100%| O|  |TAMS 0x0000000082e00000, 0x0000000082d00000| Untracked 
|  18|0x0000000082e00000, 0x0000000082f00000, 0x0000000082f00000|100%| O|  |TAMS 0x0000000082eb7e00, 0x0000000082e00000| Untracked 
|  19|0x0000000082f00000, 0x0000000083000000, 0x0000000083000000|100%| O|  |TAMS 0x0000000082f00000, 0x0000000082f00000| Untracked 
|  20|0x0000000083000000, 0x0000000083100000, 0x0000000083100000|100%| O|  |TAMS 0x0000000083000000, 0x0000000083000000| Untracked 
|  21|0x0000000083100000, 0x0000000083200000, 0x0000000083200000|100%| O|  |TAMS 0x0000000083100000, 0x0000000083100000| Untracked 
|  22|0x0000000083200000, 0x0000000083300000, 0x0000000083300000|100%| O|  |TAMS 0x0000000083200000, 0x0000000083200000| Untracked 
|  23|0x0000000083300000, 0x0000000083400000, 0x0000000083400000|100%| O|  |TAMS 0x0000000083300000, 0x0000000083300000| Untracked 
|  24|0x0000000083400000, 0x0000000083500000, 0x0000000083500000|100%| O|  |TAMS 0x0000000083400000, 0x0000000083400000| Untracked 
|  25|0x0000000083500000, 0x0000000083600000, 0x0000000083600000|100%| O|  |TAMS 0x0000000083500000, 0x0000000083500000| Untracked 
|  26|0x0000000083600000, 0x0000000083700000, 0x0000000083700000|100%| O|  |TAMS 0x0000000083600000, 0x0000000083600000| Untracked 
|  27|0x0000000083700000, 0x0000000083800000, 0x0000000083800000|100%| O|  |TAMS 0x0000000083700000, 0x0000000083700000| Untracked 
|  28|0x0000000083800000, 0x0000000083900000, 0x0000000083900000|100%| O|  |TAMS 0x0000000083800000, 0x0000000083800000| Untracked 
|  29|0x0000000083900000, 0x0000000083a00000, 0x0000000083a00000|100%| O|  |TAMS 0x0000000083900000, 0x0000000083900000| Untracked 
|  30|0x0000000083a00000, 0x0000000083a71200, 0x0000000083b00000| 44%| O|  |TAMS 0x0000000083a00000, 0x0000000083a00000| Untracked 
|  31|0x0000000083b00000, 0x0000000083b00000, 0x0000000083c00000|  0%| F|  |TAMS 0x0000000083b00000, 0x0000000083b00000| Untracked 
|  32|0x0000000083c00000, 0x0000000083c00000, 0x0000000083d00000|  0%| F|  |TAMS 0x0000000083c00000, 0x0000000083c00000| Untracked 
|  33|0x0000000083d00000, 0x0000000083d00000, 0x0000000083e00000|  0%| F|  |TAMS 0x0000000083d00000, 0x0000000083d00000| Untracked 
|  34|0x0000000083e00000, 0x0000000083e00000, 0x0000000083f00000|  0%| F|  |TAMS 0x0000000083e00000, 0x0000000083e00000| Untracked 
|  35|0x0000000083f00000, 0x0000000083f00000, 0x0000000084000000|  0%| F|  |TAMS 0x0000000083f00000, 0x0000000083f00000| Untracked 
|  36|0x0000000084000000, 0x0000000084000000, 0x0000000084100000|  0%| F|  |TAMS 0x0000000084000000, 0x0000000084000000| Untracked 
|  37|0x0000000084100000, 0x0000000084100000, 0x0000000084200000|  0%| F|  |TAMS 0x0000000084100000, 0x0000000084100000| Untracked 
|  38|0x0000000084200000, 0x0000000084200000, 0x0000000084300000|  0%| F|  |TAMS 0x0000000084200000, 0x0000000084200000| Untracked 
|  39|0x0000000084300000, 0x0000000084300000, 0x0000000084400000|  0%| F|  |TAMS 0x0000000084300000, 0x0000000084300000| Untracked 
|  40|0x0000000084400000, 0x0000000084400000, 0x0000000084500000|  0%| F|  |TAMS 0x0000000084400000, 0x0000000084400000| Untracked 
|  41|0x0000000084500000, 0x00000000845c5020, 0x0000000084600000| 76%| S|CS|TAMS 0x0000000084500000, 0x0000000084500000| Complete 
|  42|0x0000000084600000, 0x0000000084700000, 0x0000000084700000|100%| S|CS|TAMS 0x0000000084600000, 0x0000000084600000| Complete 
|  43|0x0000000084700000, 0x0000000084700000, 0x0000000084800000|  0%| F|  |TAMS 0x0000000084700000, 0x0000000084700000| Untracked 
|  44|0x0000000084800000, 0x0000000084800000, 0x0000000084900000|  0%| F|  |TAMS 0x0000000084800000, 0x0000000084800000| Untracked 
|  45|0x0000000084900000, 0x0000000084900000, 0x0000000084a00000|  0%| F|  |TAMS 0x0000000084900000, 0x0000000084900000| Untracked 
|  46|0x0000000084a00000, 0x0000000084a00000, 0x0000000084b00000|  0%| F|  |TAMS 0x0000000084a00000, 0x0000000084a00000| Untracked 
|  47|0x0000000084b00000, 0x0000000084b00000, 0x0000000084c00000|  0%| F|  |TAMS 0x0000000084b00000, 0x0000000084b00000| Untracked 
|  48|0x0000000084c00000, 0x0000000084c00000, 0x0000000084d00000|  0%| F|  |TAMS 0x0000000084c00000, 0x0000000084c00000| Untracked 
|  49|0x0000000084d00000, 0x0000000084d00000, 0x0000000084e00000|  0%| F|  |TAMS 0x0000000084d00000, 0x0000000084d00000| Untracked 
|  50|0x0000000084e00000, 0x0000000084e00000, 0x0000000084f00000|  0%| F|  |TAMS 0x0000000084e00000, 0x0000000084e00000| Untracked 
|  51|0x0000000084f00000, 0x0000000084f00000, 0x0000000085000000|  0%| F|  |TAMS 0x0000000084f00000, 0x0000000084f00000| Untracked 
|  52|0x0000000085000000, 0x0000000085000000, 0x0000000085100000|  0%| F|  |TAMS 0x0000000085000000, 0x0000000085000000| Untracked 
|  53|0x0000000085100000, 0x0000000085100000, 0x0000000085200000|  0%| F|  |TAMS 0x0000000085100000, 0x0000000085100000| Untracked 
|  54|0x0000000085200000, 0x0000000085200000, 0x0000000085300000|  0%| F|  |TAMS 0x0000000085200000, 0x0000000085200000| Untracked 
|  55|0x0000000085300000, 0x0000000085300000, 0x0000000085400000|  0%| F|  |TAMS 0x0000000085300000, 0x0000000085300000| Untracked 
|  56|0x0000000085400000, 0x0000000085400000, 0x0000000085500000|  0%| F|  |TAMS 0x0000000085400000, 0x0000000085400000| Untracked 
|  95|0x0000000087b00000, 0x0000000087b00000, 0x0000000087c00000|  0%| F|  |TAMS 0x0000000087b00000, 0x0000000087b00000| Untracked 
|  96|0x0000000087c00000, 0x0000000087c00000, 0x0000000087d00000|  0%| F|  |TAMS 0x0000000087c00000, 0x0000000087c00000| Untracked 
|  97|0x0000000087d00000, 0x0000000087d00000, 0x0000000087e00000|  0%| F|  |TAMS 0x0000000087d00000, 0x0000000087d00000| Untracked 
| 126|0x0000000089a00000, 0x0000000089a00000, 0x0000000089b00000|  0%| F|  |TAMS 0x0000000089a00000, 0x0000000089a00000| Untracked 
| 127|0x0000000089b00000, 0x0000000089b00000, 0x0000000089c00000|  0%| F|  |TAMS 0x0000000089b00000, 0x0000000089b00000| Untracked 

Card table byte_map: [0x000001fab7170000,0x000001fab7570000] _byte_map_base: 0x000001fab6d62000

Marking Bits (Prev, Next): (CMBitMap*) 0x000001faa290ee70, (CMBitMap*) 0x000001faa290ee30
 Prev Bits: [0x000001fab9900000, 0x000001fabb890000)
 Next Bits: [0x000001fab7970000, 0x000001fab9900000)

Polling page: 0x000001faa2980000

Metaspace:

Usage:
  Non-class:     65.21 MB used.
      Class:      9.90 MB used.
       Both:     75.11 MB used.

Virtual space:
  Non-class space:       72.00 MB reserved,      65.50 MB ( 91%) committed,  9 nodes.
      Class space:        1.00 GB reserved,      10.19 MB ( <1%) committed,  1 nodes.
             Both:        1.07 GB reserved,      75.69 MB (  7%) committed. 

Chunk freelists:
   Non-Class:  1.56 MB
       Class:  1.64 MB
        Both:  3.20 MB

MaxMetaspaceSize: unlimited
CompressedClassSpaceSize: 1.00 GB
Initial GC threshold: 21.00 MB
Current GC threshold: 98.88 MB
CDS: off
MetaspaceReclaimPolicy: balanced
 - commit_granule_bytes: 65536.
 - commit_granule_words: 8192.
 - virtual_space_node_default_size: 1048576.
 - enlarge_chunks_in_place: 1.
 - new_chunks_are_fully_committed: 0.
 - uncommit_free_chunks: 1.
 - use_allocation_guard: 0.
 - handle_deallocations: 1.


Internal statistics:

num_allocs_failed_limit: 11.
num_arena_births: 832.
num_arena_deaths: 0.
num_vsnodes_births: 10.
num_vsnodes_deaths: 0.
num_space_committed: 1211.
num_space_uncommitted: 0.
num_chunks_returned_to_freelist: 11.
num_chunks_taken_from_freelist: 3412.
num_chunk_merges: 8.
num_chunk_splits: 2415.
num_chunks_enlarged: 1845.
num_purges: 0.
num_inconsistent_stats: 0.

CodeHeap 'non-profiled nmethods': size=120000Kb used=3452Kb max_used=3452Kb free=116547Kb
 bounds [0x000001faaf220000, 0x000001faaf580000, 0x000001fab6750000]
CodeHeap 'profiled nmethods': size=120000Kb used=10639Kb max_used=10746Kb free=109361Kb
 bounds [0x000001faa7cf0000, 0x000001faa8770000, 0x000001faaf220000]
CodeHeap 'non-nmethods': size=5760Kb used=1335Kb max_used=1422Kb free=4424Kb
 bounds [0x000001faa7750000, 0x000001faa79c0000, 0x000001faa7cf0000]
 total_blobs=6533 nmethods=5863 adapters=582
 compilation: enabled
              stopped_count=0, restarted_count=0
 full_count=0

Compilation events (20 events):
Event: 76.116 Thread 0x000001fabe945e90 nmethod 6667 0x000001faa85bc790 code [0x000001faa85bc980, 0x000001faa85bcde8]
Event: 76.117 Thread 0x000001fabe945e90 6668       3       java.util.concurrent.locks.ReentrantReadWriteLock$ReadLock::lock (9 bytes)
Event: 76.117 Thread 0x000001fabe945e90 nmethod 6668 0x000001faa85bc390 code [0x000001faa85bc540, 0x000001faa85bc688]
Event: 76.117 Thread 0x000001fabe945e90 6669       3       java.util.concurrent.locks.AbstractQueuedSynchronizer::acquireShared (20 bytes)
Event: 76.117 Thread 0x000001fabe945e90 nmethod 6669 0x000001faa85bbe90 code [0x000001faa85bc040, 0x000001faa85bc2b8]
Event: 76.951 Thread 0x000001fabe945e90 6670       3       java.util.concurrent.locks.AbstractQueuedSynchronizer$ConditionNode::isReleasable (23 bytes)
Event: 76.952 Thread 0x000001fabe945e90 nmethod 6670 0x000001faa85bba10 code [0x000001faa85bbba0, 0x000001faa85bbdf8]
Event: 78.708 Thread 0x000001fabe945e90 6671       3       org.springframework.boot.devtools.filewatch.DirectorySnapshot::filter (72 bytes)
Event: 78.712 Thread 0x000001fabe945e90 nmethod 6671 0x000001faa85bab10 code [0x000001faa85bad60, 0x000001faa85bb6f8]
Event: 80.800 Thread 0x000001fabe945e90 6672   !   3       java.util.concurrent.ConcurrentHashMap::putVal (432 bytes)
Event: 80.802 Thread 0x000001fabe945e90 nmethod 6672 0x000001faa85b8390 code [0x000001faa85b86e0, 0x000001faa85ba1a8]
Event: 80.818 Thread 0x000001fabe9444b0 6673       4       java.lang.invoke.LambdaForm$Name::replaceNames (175 bytes)
Event: 80.818 Thread 0x000001fabe945e90 6674       3       java.lang.invoke.LambdaFormBuffer::indexOf (25 bytes)
Event: 80.818 Thread 0x000001fabe945e90 nmethod 6674 0x000001faa85b7e90 code [0x000001faa85b8040, 0x000001faa85b8258]
Event: 80.867 Thread 0x000001fabe945e90 6677       3       java.lang.Class::getPackage (38 bytes)
Event: 80.868 Thread 0x000001fabe945e90 nmethod 6677 0x000001faa85b7490 code [0x000001faa85b76a0, 0x000001faa85b7cb8]
Event: 80.869 Thread 0x000001fabe945e90 6679       3       java.nio.CharBuffer::array (35 bytes)
Event: 80.869 Thread 0x000001fabe945e90 nmethod 6679 0x000001faa85b6e90 code [0x000001faa85b7060, 0x000001faa85b7338]
Event: 80.870 Thread 0x000001fabe945e90 6680       3       java.lang.invoke.LambdaFormEditor::foldArgumentsForm (102 bytes)
Event: 80.871 Thread 0x000001fabe945e90 nmethod 6680 0x000001faa85b6890 code [0x000001faa85b6a60, 0x000001faa85b6d58]

GC Heap History (20 events):
Event: 5.154 GC heap after
{Heap after GC invocations=11 (full 0):
 garbage-first heap   total 40960K, used 17364K [0x0000000081c00000, 0x0000000100000000)
  region size 1024K, 1 young (1024K), 1 survivors (1024K)
 Metaspace       used 35671K, committed 35968K, reserved 1081344K
  class space    used 4272K, committed 4416K, reserved 1048576K
}
Event: 5.628 GC heap before
{Heap before GC invocations=12 (full 0):
 garbage-first heap   total 40960K, used 29652K [0x0000000081c00000, 0x0000000100000000)
  region size 1024K, 13 young (13312K), 1 survivors (1024K)
 Metaspace       used 38228K, committed 38656K, reserved 1089536K
  class space    used 4661K, committed 4864K, reserved 1048576K
}
Event: 5.633 GC heap after
{Heap after GC invocations=13 (full 0):
 garbage-first heap   total 40960K, used 18497K [0x0000000081c00000, 0x0000000100000000)
  region size 1024K, 2 young (2048K), 2 survivors (2048K)
 Metaspace       used 38228K, committed 38656K, reserved 1089536K
  class space    used 4661K, committed 4864K, reserved 1048576K
}
Event: 5.990 GC heap before
{Heap before GC invocations=13 (full 0):
 garbage-first heap   total 40960K, used 29761K [0x0000000081c00000, 0x0000000100000000)
  region size 1024K, 14 young (14336K), 2 survivors (2048K)
 Metaspace       used 40240K, committed 40640K, reserved 1089536K
  class space    used 4875K, committed 5056K, reserved 1048576K
}
Event: 5.996 GC heap after
{Heap after GC invocations=14 (full 0):
 garbage-first heap   total 63488K, used 19334K [0x0000000081c00000, 0x0000000100000000)
  region size 1024K, 1 young (1024K), 1 survivors (1024K)
 Metaspace       used 40240K, committed 40640K, reserved 1089536K
  class space    used 4875K, committed 5056K, reserved 1048576K
}
Event: 6.798 GC heap before
{Heap before GC invocations=14 (full 0):
 garbage-first heap   total 63488K, used 45958K [0x0000000081c00000, 0x0000000100000000)
  region size 1024K, 27 young (27648K), 1 survivors (1024K)
 Metaspace       used 46110K, committed 46656K, reserved 1097728K
  class space    used 5752K, committed 6016K, reserved 1048576K
}
Event: 6.802 GC heap after
{Heap after GC invocations=15 (full 0):
 garbage-first heap   total 63488K, used 20646K [0x0000000081c00000, 0x0000000100000000)
  region size 1024K, 3 young (3072K), 3 survivors (3072K)
 Metaspace       used 46110K, committed 46656K, reserved 1097728K
  class space    used 5752K, committed 6016K, reserved 1048576K
}
Event: 7.853 GC heap before
{Heap before GC invocations=15 (full 0):
 garbage-first heap   total 63488K, used 46246K [0x0000000081c00000, 0x0000000100000000)
  region size 1024K, 29 young (29696K), 3 survivors (3072K)
 Metaspace       used 53546K, committed 54016K, reserved 1097728K
  class space    used 6792K, committed 6976K, reserved 1048576K
}
Event: 7.859 GC heap after
{Heap after GC invocations=16 (full 0):
 garbage-first heap   total 63488K, used 22428K [0x0000000081c00000, 0x0000000100000000)
  region size 1024K, 4 young (4096K), 4 survivors (4096K)
 Metaspace       used 53546K, committed 54016K, reserved 1097728K
  class space    used 6792K, committed 6976K, reserved 1048576K
}
Event: 8.724 GC heap before
{Heap before GC invocations=16 (full 0):
 garbage-first heap   total 63488K, used 45980K [0x0000000081c00000, 0x0000000100000000)
  region size 1024K, 29 young (29696K), 4 survivors (4096K)
 Metaspace       used 60053K, committed 60480K, reserved 1105920K
  class space    used 7684K, committed 7872K, reserved 1048576K
}
Event: 8.730 GC heap after
{Heap after GC invocations=17 (full 0):
 garbage-first heap   total 63488K, used 24023K [0x0000000081c00000, 0x0000000100000000)
  region size 1024K, 4 young (4096K), 4 survivors (4096K)
 Metaspace       used 60053K, committed 60480K, reserved 1105920K
  class space    used 7684K, committed 7872K, reserved 1048576K
}
Event: 9.478 GC heap before
{Heap before GC invocations=18 (full 0):
 garbage-first heap   total 63488K, used 47575K [0x0000000081c00000, 0x0000000100000000)
  region size 1024K, 28 young (28672K), 4 survivors (4096K)
 Metaspace       used 64195K, committed 64704K, reserved 1105920K
  class space    used 8419K, committed 8704K, reserved 1048576K
}
Event: 9.484 GC heap after
{Heap after GC invocations=19 (full 0):
 garbage-first heap   total 63488K, used 24907K [0x0000000081c00000, 0x0000000100000000)
  region size 1024K, 3 young (3072K), 3 survivors (3072K)
 Metaspace       used 64195K, committed 64704K, reserved 1105920K
  class space    used 8419K, committed 8704K, reserved 1048576K
}
Event: 10.282 GC heap before
{Heap before GC invocations=19 (full 0):
 garbage-first heap   total 63488K, used 48459K [0x0000000081c00000, 0x0000000100000000)
  region size 1024K, 27 young (27648K), 3 survivors (3072K)
 Metaspace       used 69102K, committed 69696K, reserved 1114112K
  class space    used 9100K, committed 9408K, reserved 1048576K
}
Event: 10.291 GC heap after
{Heap after GC invocations=20 (full 0):
 garbage-first heap   total 63488K, used 26828K [0x0000000081c00000, 0x0000000100000000)
  region size 1024K, 3 young (3072K), 3 survivors (3072K)
 Metaspace       used 69102K, committed 69696K, reserved 1114112K
  class space    used 9100K, committed 9408K, reserved 1048576K
}
Event: 10.914 GC heap before
{Heap before GC invocations=20 (full 0):
 garbage-first heap   total 63488K, used 50380K [0x0000000081c00000, 0x0000000100000000)
  region size 1024K, 26 young (26624K), 3 survivors (3072K)
 Metaspace       used 71803K, committed 72384K, reserved 1114112K
  class space    used 9439K, committed 9728K, reserved 1048576K
}
Event: 10.922 GC heap after
{Heap after GC invocations=21 (full 0):
 garbage-first heap   total 63488K, used 28946K [0x0000000081c00000, 0x0000000100000000)
  region size 1024K, 4 young (4096K), 4 survivors (4096K)
 Metaspace       used 71803K, committed 72384K, reserved 1114112K
  class space    used 9439K, committed 9728K, reserved 1048576K
}
Event: 11.582 GC heap before
{Heap before GC invocations=21 (full 0):
 garbage-first heap   total 63488K, used 50450K [0x0000000081c00000, 0x0000000100000000)
  region size 1024K, 25 young (25600K), 4 survivors (4096K)
 Metaspace       used 74464K, committed 75072K, reserved 1114112K
  class space    used 9827K, committed 10112K, reserved 1048576K
}
Event: 11.591 GC heap after
{Heap after GC invocations=22 (full 0):
 garbage-first heap   total 63488K, used 31192K [0x0000000081c00000, 0x0000000100000000)
  region size 1024K, 4 young (4096K), 4 survivors (4096K)
 Metaspace       used 74464K, committed 75072K, reserved 1114112K
  class space    used 9827K, committed 10112K, reserved 1048576K
}
Event: 80.872 GC heap before
{Heap before GC invocations=22 (full 0):
 garbage-first heap   total 63488K, used 50648K [0x0000000081c00000, 0x0000000100000000)
  region size 1024K, 23 young (23552K), 4 survivors (4096K)
 Metaspace       used 76912K, committed 77504K, reserved 1122304K
  class space    used 10135K, committed 10432K, reserved 1048576K
}

Deoptimization events (20 events):
Event: 11.710 Thread 0x000001fabf4c1010 Uncommon trap: trap_request=0xffffffde fr.pc=0x000001faaf298a7c relative=0x000000000000013c
Event: 11.710 Thread 0x000001fabf4c1010 Uncommon trap: reason=class_check action=maybe_recompile pc=0x000001faaf298a7c method=org.springframework.boot.context.properties.source.ConfigurationPropertyName$Elements.charAt(II)C @ 43 c2
Event: 11.710 Thread 0x000001fabf4c1010 DEOPT PACKING pc=0x000001faaf298a7c sp=0x000000dc57bfb1a0
Event: 11.710 Thread 0x000001fabf4c1010 DEOPT UNPACKING pc=0x000001faa77a23a3 sp=0x000000dc57bfb118 mode 2
Event: 11.730 Thread 0x000001fabf4c1010 Uncommon trap: trap_request=0xfffffff4 fr.pc=0x000001faaf36d560 relative=0x0000000000000240
Event: 11.730 Thread 0x000001fabf4c1010 Uncommon trap: reason=null_check action=make_not_entrant pc=0x000001faaf36d560 method=org.springframework.util.ClassUtils.isAssignable(Ljava/lang/Class;Ljava/lang/Class;)Z @ 14 c2
Event: 11.730 Thread 0x000001fabf4c1010 DEOPT PACKING pc=0x000001faaf36d560 sp=0x000000dc57bfdb30
Event: 11.730 Thread 0x000001fabf4c1010 DEOPT UNPACKING pc=0x000001faa77a23a3 sp=0x000000dc57bfdac0 mode 2
Event: 11.859 Thread 0x000001fabf4c1010 Uncommon trap: trap_request=0xffffff54 fr.pc=0x000001faaf2a7920 relative=0x0000000000000360
Event: 11.859 Thread 0x000001fabf4c1010 Uncommon trap: reason=speculate_null_assert action=make_not_entrant pc=0x000001faaf2a7920 method=org.springframework.util.ConcurrentReferenceHashMap$Segment.restructureIfNecessary(Z)V @ 41 c2
Event: 11.859 Thread 0x000001fabf4c1010 DEOPT PACKING pc=0x000001faaf2a7920 sp=0x000000dc57bfe280
Event: 11.859 Thread 0x000001fabf4c1010 DEOPT UNPACKING pc=0x000001faa77a23a3 sp=0x000000dc57bfe248 mode 2
Event: 11.903 Thread 0x000001fabf4c1010 Uncommon trap: trap_request=0xffffff45 fr.pc=0x000001faaf335b7c relative=0x00000000000009bc
Event: 11.903 Thread 0x000001fabf4c1010 Uncommon trap: reason=unstable_if action=reinterpret pc=0x000001faaf335b7c method=java.lang.String.<init>([BIILjava/nio/charset/Charset;)V @ 18 c2
Event: 11.903 Thread 0x000001fabf4c1010 DEOPT PACKING pc=0x000001faaf335b7c sp=0x000000dc57bfd820
Event: 11.903 Thread 0x000001fabf4c1010 DEOPT UNPACKING pc=0x000001faa77a23a3 sp=0x000000dc57bfd7f0 mode 2
Event: 21.938 Thread 0x000001fabfac4060 Uncommon trap: trap_request=0xffffff45 fr.pc=0x000001faaf447010 relative=0x0000000000000190
Event: 21.938 Thread 0x000001fabfac4060 Uncommon trap: reason=unstable_if action=reinterpret pc=0x000001faaf447010 method=java.util.concurrent.locks.ReentrantLock$NonfairSync.initialTryLock()Z @ 25 c2
Event: 21.938 Thread 0x000001fabfac4060 DEOPT PACKING pc=0x000001faaf447010 sp=0x000000dc57dff210
Event: 21.938 Thread 0x000001fabfac4060 DEOPT UNPACKING pc=0x000001faa77a23a3 sp=0x000000dc57dff1b0 mode 2

Classes unloaded (0 events):
No events

Classes redefined (0 events):
No events

Internal exceptions (20 events):
Event: 9.571 Thread 0x000001fabf4c1010 Exception <a 'java/lang/NoSuchMethodError'{0x0000000087c6c818}: 'java.lang.Object java.lang.invoke.Invokers$Holder.linkToTargetMethod(java.lang.Object, java.lang.Object, java.lang.Object, java.lang.Object, java.lang.Object, java.lang.Object, int, java.lang.Object)'> (0x0000000087c6c818) 
thrown [s\src\hotspot\share\interpreter\linkResolver.cpp, line 759]
Event: 9.596 Thread 0x000001fabf4c1010 Exception <a 'java/lang/NoSuchMethodError'{0x0000000087b32fd0}: 'void java.lang.invoke.DirectMethodHandle$Holder.invokeInterface(java.lang.Object, java.lang.Object)'> (0x0000000087b32fd0) 
thrown [s\src\hotspot\share\interpreter\linkResolver.cpp, line 759]
Event: 9.760 Thread 0x000001fabf4c1010 Exception <a 'java/lang/NoSuchMethodError'{0x0000000085000b38}: 'java.lang.Object java.lang.invoke.DirectMethodHandle$Holder.invokeSpecial(java.lang.Object, java.lang.Object, int, java.lang.Object, int)'> (0x0000000085000b38) 
thrown [s\src\hotspot\share\interpreter\linkResolver.cpp, line 759]
Event: 10.014 Thread 0x000001fabf4c1010 Exception <a 'java/lang/IncompatibleClassChangeError'{0x0000000084b735a0}: Found class java.lang.Object, but interface was expected> (0x0000000084b735a0) 
thrown [s\src\hotspot\share\interpreter\linkResolver.cpp, line 826]
Event: 10.026 Thread 0x000001fabf4c1010 Exception <a 'java/lang/IncompatibleClassChangeError'{0x0000000084a2b608}: Found class java.lang.Object, but interface was expected> (0x0000000084a2b608) 
thrown [s\src\hotspot\share\interpreter\linkResolver.cpp, line 826]
Event: 10.065 Thread 0x000001fabf4c1010 Exception <a 'java/lang/IncompatibleClassChangeError'{0x00000000849947e0}: Found class java.lang.Object, but interface was expected> (0x00000000849947e0) 
thrown [s\src\hotspot\share\interpreter\linkResolver.cpp, line 826]
Event: 10.270 Thread 0x000001fabf4c1010 Exception <a 'java/lang/IncompatibleClassChangeError'{0x000000008425e138}: Found class java.lang.Object, but interface was expected> (0x000000008425e138) 
thrown [s\src\hotspot\share\interpreter\linkResolver.cpp, line 826]
Event: 10.340 Thread 0x000001fabf4c1010 Exception <a 'java/lang/reflect/InvocationTargetException'{0x0000000087d0ffb0}> (0x0000000087d0ffb0) 
thrown [s\src\hotspot\share\runtime\reflection.cpp, line 1121]
Event: 10.353 Thread 0x000001fabf4c1010 Exception <a 'java/lang/NoSuchMethodError'{0x0000000087d72c38}: 'int java.lang.invoke.DirectMethodHandle$Holder.invokeStatic(java.lang.Object, java.lang.Object, int)'> (0x0000000087d72c38) 
thrown [s\src\hotspot\share\interpreter\linkResolver.cpp, line 759]
Event: 10.363 Thread 0x000001fabf4c1010 Exception <a 'java/lang/IncompatibleClassChangeError'{0x0000000087db7e00}: Found class java.lang.Object, but interface was expected> (0x0000000087db7e00) 
thrown [s\src\hotspot\share\interpreter\linkResolver.cpp, line 826]
Event: 10.444 Thread 0x000001fabf4c1010 Exception <a 'java/lang/NoSuchMethodError'{0x0000000087b61528}: 'java.lang.Object java.lang.invoke.DirectMethodHandle$Holder.invokeStatic(java.lang.Object, int, java.lang.Object)'> (0x0000000087b61528) 
thrown [s\src\hotspot\share\interpreter\linkResolver.cpp, line 759]
Event: 11.301 Thread 0x000001fabf4c1010 Exception <a 'sun/nio/fs/WindowsException'{0x0000000084f7c1e0}> (0x0000000084f7c1e0) 
thrown [s\src\hotspot\share\prims\jni.cpp, line 516]
Event: 11.369 Thread 0x000001fabf4c1010 Exception <a 'java/lang/IncompatibleClassChangeError'{0x0000000084b47300}: Found class java.lang.Object, but interface was expected> (0x0000000084b47300) 
thrown [s\src\hotspot\share\interpreter\linkResolver.cpp, line 826]
Event: 11.499 Thread 0x000001fabf4c1010 Exception <a 'java/lang/NoSuchMethodError'{0x000000008479ddc8}: 'java.lang.Object java.lang.invoke.DirectMethodHandle$Holder.invokeInterface(java.lang.Object, java.lang.Object, java.lang.Object, java.lang.Object)'> (0x000000008479ddc8) 
thrown [s\src\hotspot\share\interpreter\linkResolver.cpp, line 759]
Event: 11.573 Thread 0x000001fabf4c1010 Exception <a 'java/lang/NoSuchMethodError'{0x00000000845a0c10}: 'void java.lang.invoke.DirectMethodHandle$Holder.invokeVirtual(java.lang.Object, java.lang.Object, long)'> (0x00000000845a0c10) 
thrown [s\src\hotspot\share\interpreter\linkResolver.cpp, line 759]
Event: 11.716 Thread 0x000001fabf4c1010 Exception <a 'java/lang/IncompatibleClassChangeError'{0x0000000087cf0e88}: Found class java.lang.Object, but interface was expected> (0x0000000087cf0e88) 
thrown [s\src\hotspot\share\interpreter\linkResolver.cpp, line 826]
Event: 11.730 Thread 0x000001fabf4c1010 Implicit null exception at 0x000001faaf36d340 to 0x000001faaf36d54c
Event: 11.862 Thread 0x000001fabf4c1010 Exception <a 'java/lang/NoSuchMethodError'{0x0000000085029718}: 'java.lang.Object java.lang.invoke.DirectMethodHandle$Holder.newInvokeSpecial(java.lang.Object, java.lang.Object, int, java.lang.Object, java.lang.Object)'> (0x0000000085029718) 
thrown [s\src\hotspot\share\interpreter\linkResolver.cpp, line 759]
Event: 80.822 Thread 0x000001fabfac6210 Exception <a 'java/lang/NoSuchMethodError'{0x00000000848c5938}: 'java.lang.Object java.lang.invoke.DirectMethodHandle$Holder.invokeSpecial(java.lang.Object, java.lang.Object, java.lang.Object, java.lang.Object, java.lang.Object, long)'> (0x00000000848c5938) 
thrown [s\src\hotspot\share\interpreter\linkResolver.cpp, line 759]
Event: 80.822 Thread 0x000001fabfac6210 Exception <a 'java/lang/NoSuchMethodError'{0x00000000848c9378}: 'java.lang.Object java.lang.invoke.Invokers$Holder.linkToTargetMethod(java.lang.Object, java.lang.Object, java.lang.Object, long, java.lang.Object)'> (0x00000000848c9378) 
thrown [s\src\hotspot\share\interpreter\linkResolver.cpp, line 759]

VM Operations (20 events):
Event: 24.939 Executing VM operation: Cleanup done
Event: 42.080 Executing VM operation: Cleanup
Event: 42.080 Executing VM operation: Cleanup done
Event: 46.134 Executing VM operation: Cleanup
Event: 46.134 Executing VM operation: Cleanup done
Event: 55.204 Executing VM operation: Cleanup
Event: 55.204 Executing VM operation: Cleanup done
Event: 62.259 Executing VM operation: Cleanup
Event: 62.259 Executing VM operation: Cleanup done
Event: 69.327 Executing VM operation: Cleanup
Event: 69.327 Executing VM operation: Cleanup done
Event: 76.360 Executing VM operation: Cleanup
Event: 76.360 Executing VM operation: Cleanup done
Event: 80.778 Executing VM operation: HandshakeAllThreads
Event: 80.778 Executing VM operation: HandshakeAllThreads done
Event: 80.847 Executing VM operation: HandshakeAllThreads
Event: 80.847 Executing VM operation: HandshakeAllThreads done
Event: 80.847 Executing VM operation: Cleanup
Event: 80.847 Executing VM operation: Cleanup done
Event: 80.871 Executing VM operation: G1CollectForAllocation

Events (20 events):
Event: 80.774 loading class java/nio/channels/WritePendingException
Event: 80.774 loading class java/nio/channels/WritePendingException done
Event: 80.777 loading class java/util/concurrent/Semaphore
Event: 80.777 loading class java/util/concurrent/Semaphore done
Event: 80.777 loading class java/util/concurrent/Semaphore$NonfairSync
Event: 80.777 loading class java/util/concurrent/Semaphore$Sync
Event: 80.777 loading class java/util/concurrent/Semaphore$Sync done
Event: 80.777 loading class java/util/concurrent/Semaphore$NonfairSync done
Event: 80.777 loading class sun/nio/ch/SocketAdaptor
Event: 80.777 loading class sun/nio/ch/SocketAdaptor done
Event: 80.778 loading class sun/nio/ch/SocketChannelImpl$DefaultOptionsHolder
Event: 80.778 loading class sun/nio/ch/SocketChannelImpl$DefaultOptionsHolder done
Event: 80.779 loading class sun/nio/ch/SelectionKeyImpl
Event: 80.779 loading class java/nio/channels/spi/AbstractSelectionKey
Event: 80.779 loading class java/nio/channels/SelectionKey
Event: 80.779 loading class java/nio/channels/SelectionKey done
Event: 80.779 loading class java/nio/channels/spi/AbstractSelectionKey done
Event: 80.779 loading class sun/nio/ch/SelectionKeyImpl done
Event: 80.780 loading class java/lang/invoke/ConstantBootstraps
Event: 80.780 loading class java/lang/invoke/ConstantBootstraps done


Dynamic libraries:
0x00007ff6c8950000 - 0x00007ff6c895e000 	C:\Users\Diks\Downloads\eclipse-java-2022-09-R-win32-x86_64\eclipse\plugins\org.eclipse.justj.openjdk.hotspot.jre.full.win32.x86_64_17.0.4.v20220903-1038\jre\bin\javaw.exe
0x00007ff8ff3a0000 - 0x00007ff8ff5aa000 	C:\Windows\SYSTEM32\ntdll.dll
0x00007ff8fec00000 - 0x00007ff8fecbd000 	C:\Windows\System32\KERNEL32.DLL
0x00007ff8fce70000 - 0x00007ff8fd1f5000 	C:\Windows\System32\KERNELBASE.dll
0x00007ff8fca00000 - 0x00007ff8fcb11000 	C:\Windows\System32\ucrtbase.dll
0x00007ff8f08a0000 - 0x00007ff8f08b8000 	C:\Users\Diks\Downloads\eclipse-java-2022-09-R-win32-x86_64\eclipse\plugins\org.eclipse.justj.openjdk.hotspot.jre.full.win32.x86_64_17.0.4.v20220903-1038\jre\bin\jli.dll
0x00007ff8fd670000 - 0x00007ff8fd81c000 	C:\Windows\System32\USER32.dll
0x00007ff8fcd20000 - 0x00007ff8fcd46000 	C:\Windows\System32\win32u.dll
0x00007ff8fee20000 - 0x00007ff8fee49000 	C:\Windows\System32\GDI32.dll
0x00007ff8fcd50000 - 0x00007ff8fce6c000 	C:\Windows\System32\gdi32full.dll
0x00007ff8fcb20000 - 0x00007ff8fcbbd000 	C:\Windows\System32\msvcp_win.dll
0x00007ff8ecd90000 - 0x00007ff8ecda9000 	C:\Users\Diks\Downloads\eclipse-java-2022-09-R-win32-x86_64\eclipse\plugins\org.eclipse.justj.openjdk.hotspot.jre.full.win32.x86_64_17.0.4.v20220903-1038\jre\bin\VCRUNTIME140.dll
0x00007ff8dcb40000 - 0x00007ff8dcde5000 	C:\Windows\WinSxS\amd64_microsoft.windows.common-controls_6595b64144ccf1df_6.0.22000.2600_none_1b65155c6ae217ae\COMCTL32.dll
0x00007ff8fed70000 - 0x00007ff8fee13000 	C:\Windows\System32\msvcrt.dll
0x00007ff8fee50000 - 0x00007ff8fee81000 	C:\Windows\System32\IMM32.DLL
0x00007ff8f86b0000 - 0x00007ff8f86bc000 	C:\Users\Diks\Downloads\eclipse-java-2022-09-R-win32-x86_64\eclipse\plugins\org.eclipse.justj.openjdk.hotspot.jre.full.win32.x86_64_17.0.4.v20220903-1038\jre\bin\vcruntime140_1.dll
0x00007ff8e53d0000 - 0x00007ff8e5461000 	C:\Users\Diks\Downloads\eclipse-java-2022-09-R-win32-x86_64\eclipse\plugins\org.eclipse.justj.openjdk.hotspot.jre.full.win32.x86_64_17.0.4.v20220903-1038\jre\bin\msvcp140.dll
0x00007ff885800000 - 0x00007ff886446000 	C:\Users\Diks\Downloads\eclipse-java-2022-09-R-win32-x86_64\eclipse\plugins\org.eclipse.justj.openjdk.hotspot.jre.full.win32.x86_64_17.0.4.v20220903-1038\jre\bin\server\jvm.dll
0x00007ff8fd840000 - 0x00007ff8fd8f1000 	C:\Windows\System32\ADVAPI32.dll
0x00007ff8feb50000 - 0x00007ff8febf2000 	C:\Windows\System32\sechost.dll
0x00007ff8fcc30000 - 0x00007ff8fcc57000 	C:\Windows\System32\bcrypt.dll
0x00007ff8ff0d0000 - 0x00007ff8ff1f0000 	C:\Windows\System32\RPCRT4.dll
0x00007ff8feaa0000 - 0x00007ff8feaa8000 	C:\Windows\System32\PSAPI.DLL
0x00007ff8e5500000 - 0x00007ff8e5509000 	C:\Windows\SYSTEM32\WSOCK32.dll
0x00007ff8fea30000 - 0x00007ff8fea9f000 	C:\Windows\System32\WS2_32.dll
0x00007ff8f8730000 - 0x00007ff8f8763000 	C:\Windows\SYSTEM32\WINMM.dll
0x00007ff8f3f80000 - 0x00007ff8f3f8a000 	C:\Windows\SYSTEM32\VERSION.dll
0x00007ff8fb8c0000 - 0x00007ff8fb8d8000 	C:\Windows\SYSTEM32\kernel.appcore.dll
0x00007ff8f9a50000 - 0x00007ff8f9a5a000 	C:\Users\Diks\Downloads\eclipse-java-2022-09-R-win32-x86_64\eclipse\plugins\org.eclipse.justj.openjdk.hotspot.jre.full.win32.x86_64_17.0.4.v20220903-1038\jre\bin\jimage.dll
0x00007ff8fa410000 - 0x00007ff8fa631000 	C:\Windows\SYSTEM32\DBGHELP.DLL
0x00007ff8e45c0000 - 0x00007ff8e45f1000 	C:\Windows\SYSTEM32\dbgcore.DLL
0x00007ff8fc980000 - 0x00007ff8fc9ff000 	C:\Windows\System32\bcryptPrimitives.dll
0x00007ff8e8d00000 - 0x00007ff8e8d25000 	C:\Users\Diks\Downloads\eclipse-java-2022-09-R-win32-x86_64\eclipse\plugins\org.eclipse.justj.openjdk.hotspot.jre.full.win32.x86_64_17.0.4.v20220903-1038\jre\bin\java.dll
0x00007ff8f8400000 - 0x00007ff8f8418000 	C:\Users\Diks\Downloads\eclipse-java-2022-09-R-win32-x86_64\eclipse\plugins\org.eclipse.justj.openjdk.hotspot.jre.full.win32.x86_64_17.0.4.v20220903-1038\jre\bin\zip.dll
0x00007ff8fdc50000 - 0x00007ff8fe416000 	C:\Windows\System32\SHELL32.dll
0x00007ff8fa930000 - 0x00007ff8fb193000 	C:\Windows\SYSTEM32\windows.storage.dll
0x00007ff8fd200000 - 0x00007ff8fd576000 	C:\Windows\System32\combase.dll
0x00007ff8fa7c0000 - 0x00007ff8fa927000 	C:\Windows\SYSTEM32\wintypes.dll
0x00007ff8ff1f0000 - 0x00007ff8ff2da000 	C:\Windows\System32\SHCORE.dll
0x00007ff8ff300000 - 0x00007ff8ff35d000 	C:\Windows\System32\shlwapi.dll
0x00007ff8fc740000 - 0x00007ff8fc761000 	C:\Windows\SYSTEM32\profapi.dll
0x00007ff8e8ee0000 - 0x00007ff8e8ef9000 	C:\Users\Diks\Downloads\eclipse-java-2022-09-R-win32-x86_64\eclipse\plugins\org.eclipse.justj.openjdk.hotspot.jre.full.win32.x86_64_17.0.4.v20220903-1038\jre\bin\net.dll
0x00007ff8f8580000 - 0x00007ff8f8694000 	C:\Windows\SYSTEM32\WINHTTP.dll
0x00007ff8fbd50000 - 0x00007ff8fbdb7000 	C:\Windows\system32\mswsock.dll
0x00007ff8e8c10000 - 0x00007ff8e8c25000 	C:\Users\Diks\Downloads\eclipse-java-2022-09-R-win32-x86_64\eclipse\plugins\org.eclipse.justj.openjdk.hotspot.jre.full.win32.x86_64_17.0.4.v20220903-1038\jre\bin\nio.dll
0x00007ff8f8450000 - 0x00007ff8f8459000 	C:\Users\Diks\Downloads\eclipse-java-2022-09-R-win32-x86_64\eclipse\plugins\org.eclipse.justj.openjdk.hotspot.jre.full.win32.x86_64_17.0.4.v20220903-1038\jre\bin\management.dll
0x00007ff8f5030000 - 0x00007ff8f503b000 	C:\Users\Diks\Downloads\eclipse-java-2022-09-R-win32-x86_64\eclipse\plugins\org.eclipse.justj.openjdk.hotspot.jre.full.win32.x86_64_17.0.4.v20220903-1038\jre\bin\management_ext.dll
0x00007ff8f9220000 - 0x00007ff8f922e000 	C:\Users\Diks\Downloads\eclipse-java-2022-09-R-win32-x86_64\eclipse\plugins\org.eclipse.justj.openjdk.hotspot.jre.full.win32.x86_64_17.0.4.v20220903-1038\jre\bin\sunmscapi.dll
0x00007ff8fc810000 - 0x00007ff8fc97a000 	C:\Windows\System32\CRYPT32.dll
0x00007ff8fc0e0000 - 0x00007ff8fc10a000 	C:\Windows\SYSTEM32\ncrypt.dll
0x00007ff8fc0a0000 - 0x00007ff8fc0d7000 	C:\Windows\SYSTEM32\NTASN1.dll
0x00007ff8fbf90000 - 0x00007ff8fbfa8000 	C:\Windows\SYSTEM32\CRYPTSP.dll
0x00007ff8fb820000 - 0x00007ff8fb855000 	C:\Windows\system32\rsaenh.dll
0x00007ff8fbe40000 - 0x00007ff8fbe69000 	C:\Windows\SYSTEM32\USERENV.dll
0x00007ff8fbfb0000 - 0x00007ff8fbfbc000 	C:\Windows\SYSTEM32\CRYPTBASE.dll
0x00007ff8fb3f0000 - 0x00007ff8fb41d000 	C:\Windows\SYSTEM32\IPHLPAPI.DLL
0x00007ff8feb40000 - 0x00007ff8feb49000 	C:\Windows\System32\NSI.dll
0x00007ff8f8290000 - 0x00007ff8f82a9000 	C:\Windows\SYSTEM32\dhcpcsvc6.DLL
0x00007ff8f8a60000 - 0x00007ff8f8a7e000 	C:\Windows\SYSTEM32\dhcpcsvc.DLL
0x00007ff8fb460000 - 0x00007ff8fb547000 	C:\Windows\SYSTEM32\DNSAPI.dll
0x00007ff8f9a40000 - 0x00007ff8f9a50000 	C:\Users\Diks\Downloads\eclipse-java-2022-09-R-win32-x86_64\eclipse\plugins\org.eclipse.justj.openjdk.hotspot.jre.full.win32.x86_64_17.0.4.v20220903-1038\jre\bin\verify.dll
0x00007ff8edb10000 - 0x00007ff8edb1a000 	C:\Windows\System32\rasadhlp.dll
0x00007ff8f3120000 - 0x00007ff8f31a1000 	C:\Windows\System32\fwpuclnt.dll
0x00007ff8f1d50000 - 0x00007ff8f1d58000 	C:\Windows\system32\wshunix.dll

dbghelp: loaded successfully - version: 4.0.5 - missing functions: none
symbol engine: initialized successfully - sym options: 0x614 - pdb path: .;C:\Users\Diks\Downloads\eclipse-java-2022-09-R-win32-x86_64\eclipse\plugins\org.eclipse.justj.openjdk.hotspot.jre.full.win32.x86_64_17.0.4.v20220903-1038\jre\bin;C:\Windows\SYSTEM32;C:\Windows\WinSxS\amd64_microsoft.windows.common-controls_6595b64144ccf1df_6.0.22000.2600_none_1b65155c6ae217ae;C:\Users\Diks\Downloads\eclipse-java-2022-09-R-win32-x86_64\eclipse\plugins\org.eclipse.justj.openjdk.hotspot.jre.full.win32.x86_64_17.0.4.v20220903-1038\jre\bin\server

VM Arguments:
jvm_args: -Dfile.encoding=UTF-8 -XX:+ShowCodeDetailsInExceptionMessages 
java_command: com.project.Logistic.LogisticApplication
java_class_path (initial): C:\Users\Diks\Downloads\Logistic\Logistic\target\classes;C:\Users\Diks\.m2\repository\org\springframework\boot\spring-boot-starter-data-jpa\3.3.3\spring-boot-starter-data-jpa-3.3.3.jar;C:\Users\Diks\.m2\repository\org\springframework\boot\spring-boot-starter-aop\3.3.3\spring-boot-starter-aop-3.3.3.jar;C:\Users\Diks\.m2\repository\org\aspectj\aspectjweaver\1.9.22.1\aspectjweaver-1.9.22.1.jar;C:\Users\Diks\.m2\repository\org\springframework\boot\spring-boot-starter-jdbc\3.3.3\spring-boot-starter-jdbc-3.3.3.jar;C:\Users\Diks\.m2\repository\com\zaxxer\HikariCP\5.1.0\HikariCP-5.1.0.jar;C:\Users\Diks\.m2\repository\org\springframework\spring-jdbc\6.1.12\spring-jdbc-6.1.12.jar;C:\Users\Diks\.m2\repository\org\hibernate\orm\hibernate-core\6.5.2.Final\hibernate-core-6.5.2.Final.jar;C:\Users\Diks\.m2\repository\jakarta\persistence\jakarta.persistence-api\3.1.0\jakarta.persistence-api-3.1.0.jar;C:\Users\Diks\.m2\repository\jakarta\transaction\jakarta.transaction-api\2.0.1\jakarta.transaction-api-2.0.1.jar;C:\Users\Diks\.m2\repository\org\jboss\logging\jboss-logging\3.5.3.Final\jboss-logging-3.5.3.Final.jar;C:\Users\Diks\.m2\repository\org\hibernate\common\hibernate-commons-annotations\6.0.6.Final\hibernate-commons-annotations-6.0.6.Final.jar;C:\Users\Diks\.m2\repository\io\smallrye\jandex\3.1.2\jandex-3.1.2.jar;C:\Users\Diks\.m2\repository\com\fasterxml\classmate\1.7.0\classmate-1.7.0.jar;C:\Users\Diks\.m2\repository\net\bytebuddy\byte-buddy\1.14.19\byte-buddy-1.14.19.jar;C:\Users\Diks\.m2\repository\org\glassfish\jaxb\jaxb-runtime\4.0.5\jaxb-runtime-4.0.5.jar;C:\Users\Diks\.m2\repository\org\glassfish\jaxb\jaxb-core\4.0.5\jaxb-core-4.0.5.jar;C:\Users\Diks\.m2\repository\org\eclipse\angus\angus-activation\2.0.2\angus-activation-2.0.2.jar;C:\Users\Diks\.m2\repository\org\glassfish\jaxb\txw2\4.0.5\txw2-4.0.5.jar;C:\Users\Diks\.m2\repository\com\sun\istack\istack-commons-runtime\4.1.2\istack-commons-runtime-4.1.2.jar;C:\Users\Diks\.m2\repository\jakar
Launcher Type: SUN_STANDARD

[Global flags]
     intx CICompilerCount                          = 3                                         {product} {ergonomic}
     uint ConcGCThreads                            = 1                                         {product} {ergonomic}
     uint G1ConcRefinementThreads                  = 4                                         {product} {ergonomic}
   size_t G1HeapRegionSize                         = 1048576                                   {product} {ergonomic}
    uintx GCDrainStackTargetSize                   = 64                                        {product} {ergonomic}
   size_t InitialHeapSize                          = 134217728                                 {product} {ergonomic}
   size_t MarkStackSize                            = 4194304                                   {product} {ergonomic}
   size_t MaxHeapSize                              = 2118123520                                {product} {ergonomic}
   size_t MaxNewSize                               = 1270874112                                {product} {ergonomic}
   size_t MinHeapDeltaBytes                        = 1048576                                   {product} {ergonomic}
   size_t MinHeapSize                              = 8388608                                   {product} {ergonomic}
    uintx NonNMethodCodeHeapSize                   = 5832780                                {pd product} {ergonomic}
    uintx NonProfiledCodeHeapSize                  = 122912730                              {pd product} {ergonomic}
    uintx ProfiledCodeHeapSize                     = 122912730                              {pd product} {ergonomic}
    uintx ReservedCodeCacheSize                    = 251658240                              {pd product} {ergonomic}
     bool SegmentedCodeCache                       = true                                      {product} {ergonomic}
     bool ShowCodeDetailsInExceptionMessages       = true                                   {manageable} {command line}
   size_t SoftMaxHeapSize                          = 2118123520                             {manageable} {ergonomic}
     bool UseCompressedClassPointers               = true                           {product lp64_product} {ergonomic}
     bool UseCompressedOops                        = true                           {product lp64_product} {ergonomic}
     bool UseG1GC                                  = true                                      {product} {ergonomic}
     bool UseLargePagesIndividualAllocation        = false                                  {pd product} {ergonomic}

Logging:
Log output configuration:
 #0: stdout all=warning uptime,level,tags
 #1: stderr all=off uptime,level,tags

Environment Variables:
PATH=C:/Users/Diks/Downloads/eclipse-java-2022-09-R-win32-x86_64/eclipse//plugins/org.eclipse.justj.openjdk.hotspot.jre.full.win32.x86_64_17.0.4.v20220903-1038/jre/bin/server;C:/Users/Diks/Downloads/eclipse-java-2022-09-R-win32-x86_64/eclipse//plugins/org.eclipse.justj.openjdk.hotspot.jre.full.win32.x86_64_17.0.4.v20220903-1038/jre/bin;C:\oracle\product\10.2.0\db_1\bin;C:\oraclexe\app\oracle\product\11.2.0\server\bin;C:\Users\Diks\Desktop\01JB;C:\Windows;C:\Windows\System32\Wbem;C:\Windows\System32\WindowsPowerShell\v1.0\;C:\Windows\System32\OpenSSH\;%This PC%\Desktop;C:\Users\Diks\Desktop;C:\Program Files\Common Files\Oracle\Java\javapath;C:\jdk-18.0.2;C:\Program Files\Git\cmd;C:\Users\Diks\AppData\Local\Microsoft\WindowsApps;.;C:\Users\Diks\AppData\Local\Programs\Python\Python312;C:\Users\Diks\Downloads\eclipse-java-2022-09-R-win32-x86_64\eclipse;
USERNAME=Diks
OS=Windows_NT
PROCESSOR_IDENTIFIER=Intel64 Family 6 Model 78 Stepping 3, GenuineIntel
TMP=C:\Users\Diks\AppData\Local\Temp
TEMP=C:\Users\Diks\AppData\Local\Temp



---------------  S Y S T E M  ---------------

OS:
 Windows 11 , 64 bit Build 22000 (10.0.22000.2836)
OS uptime: 0 days 18:28 hours

CPU: total 4 (initial active 4) (2 cores per cpu, 2 threads per core) family 6 model 78 stepping 3 microcode 0xd6, cx8, cmov, fxsr, ht, mmx, 3dnowpref, sse, sse2, sse3, ssse3, sse4.1, sse4.2, popcnt, lzcnt, tsc, tscinvbit, avx, avx2, aes, erms, clmul, bmi1, bmi2, rtm, adx, fma, vzeroupper, clflush, clflushopt

Memory: 4k page, system-wide physical 8072M (391M free)
TotalPageFile size 8072M (AvailPageFile size 8M)
current process WorkingSet (physical memory assigned to process): 231M, peak: 267M
current process commit charge ("private bytes"): 260M, peak: 290M

vm_info: OpenJDK 64-Bit Server VM (17.0.4.1+1) for windows-amd64 JRE (17.0.4.1+1), built on Aug 17 2022 07:42:43 by "temurin" with MS VC++ 16.7 (VS2019)

END.
